{"/Users/ryan/Code/zygodactyl/static-site/build/index.js": {"path":"/Users/ryan/Code/zygodactyl/static-site/build/index.js","all":true,"statementMap":{"0":{"start":{"line":1,"column":0},"end":{"line":1,"column":27410}},"1":{"start":{"line":2,"column":0},"end":{"line":2,"column":3952}}},"s":{"0":0,"1":0},"branchMap":{"0":{"type":"branch","line":1,"loc":{"start":{"line":1,"column":31363},"end":{"line":2,"column":3952}},"locations":[{"start":{"line":1,"column":31363},"end":{"line":2,"column":3952}}]}},"b":{"0":[0]},"fnMap":{"0":{"name":"(empty-report)","decl":{"start":{"line":1,"column":31363},"end":{"line":2,"column":3952}},"loc":{"start":{"line":1,"column":31363},"end":{"line":2,"column":3952}},"line":1}},"f":{"0":0}}
,"/Users/ryan/Code/zygodactyl/static-site/build/worker/shim.mjs": {"path":"/Users/ryan/Code/zygodactyl/static-site/build/worker/shim.mjs","all":true,"statementMap":{"0":{"start":{"line":1,"column":0},"end":{"line":1,"column":65}},"1":{"start":{"line":2,"column":0},"end":{"line":2,"column":29}},"2":{"start":{"line":3,"column":0},"end":{"line":3,"column":28}},"3":{"start":{"line":4,"column":0},"end":{"line":4,"column":38}}},"s":{"0":0,"1":0,"2":0,"3":0},"branchMap":{"0":{"type":"branch","line":1,"loc":{"start":{"line":1,"column":163},"end":{"line":4,"column":38}},"locations":[{"start":{"line":1,"column":163},"end":{"line":4,"column":38}}]}},"b":{"0":[0]},"fnMap":{"0":{"name":"(empty-report)","decl":{"start":{"line":1,"column":163},"end":{"line":4,"column":38}},"loc":{"start":{"line":1,"column":163},"end":{"line":4,"column":38}},"line":1}},"f":{"0":0}}
,"/Users/ryan/Code/zygodactyl/static-site/packages/zygo-mcp/index.mjs": {"path":"/Users/ryan/Code/zygodactyl/static-site/packages/zygo-mcp/index.mjs","all":true,"statementMap":{"0":{"start":{"line":1,"column":0},"end":{"line":1,"column":19}},"2":{"start":{"line":3,"column":0},"end":{"line":3,"column":67}},"3":{"start":{"line":4,"column":0},"end":{"line":4,"column":81}},"4":{"start":{"line":5,"column":0},"end":{"line":5,"column":99}},"6":{"start":{"line":7,"column":0},"end":{"line":7,"column":22}},"7":{"start":{"line":8,"column":0},"end":{"line":8,"column":35}},"8":{"start":{"line":9,"column":0},"end":{"line":9,"column":34}},"9":{"start":{"line":10,"column":0},"end":{"line":10,"column":15}},"11":{"start":{"line":12,"column":0},"end":{"line":12,"column":39}},"12":{"start":{"line":13,"column":0},"end":{"line":13,"column":60}},"13":{"start":{"line":14,"column":0},"end":{"line":14,"column":64}},"14":{"start":{"line":15,"column":0},"end":{"line":15,"column":1}},"16":{"start":{"line":17,"column":0},"end":{"line":17,"column":54}},"18":{"start":{"line":19,"column":0},"end":{"line":19,"column":13}},"19":{"start":{"line":20,"column":0},"end":{"line":20,"column":91}},"20":{"start":{"line":21,"column":0},"end":{"line":21,"column":20}},"21":{"start":{"line":22,"column":0},"end":{"line":22,"column":1}},"23":{"start":{"line":24,"column":0},"end":{"line":24,"column":26}},"24":{"start":{"line":25,"column":0},"end":{"line":25,"column":47}},"25":{"start":{"line":26,"column":0},"end":{"line":26,"column":35}},"26":{"start":{"line":27,"column":0},"end":{"line":27,"column":2}},"28":{"start":{"line":29,"column":0},"end":{"line":29,"column":26}},"29":{"start":{"line":30,"column":0},"end":{"line":30,"column":27}},"30":{"start":{"line":31,"column":0},"end":{"line":31,"column":39}},"31":{"start":{"line":32,"column":0},"end":{"line":32,"column":38}},"32":{"start":{"line":33,"column":0},"end":{"line":33,"column":3}},"34":{"start":{"line":35,"column":0},"end":{"line":35,"column":17}},"35":{"start":{"line":36,"column":0},"end":{"line":36,"column":62}},"36":{"start":{"line":37,"column":0},"end":{"line":37,"column":12}},"37":{"start":{"line":38,"column":0},"end":{"line":38,"column":16}},"38":{"start":{"line":39,"column":0},"end":{"line":39,"column":13}},"39":{"start":{"line":40,"column":0},"end":{"line":40,"column":40}},"40":{"start":{"line":41,"column":0},"end":{"line":41,"column":69}},"41":{"start":{"line":42,"column":0},"end":{"line":42,"column":63}},"42":{"start":{"line":43,"column":0},"end":{"line":43,"column":14}},"43":{"start":{"line":44,"column":0},"end":{"line":44,"column":13}},"44":{"start":{"line":45,"column":0},"end":{"line":45,"column":39}},"45":{"start":{"line":46,"column":0},"end":{"line":46,"column":65}},"46":{"start":{"line":47,"column":0},"end":{"line":47,"column":30}},"47":{"start":{"line":48,"column":0},"end":{"line":48,"column":35}},"48":{"start":{"line":49,"column":0},"end":{"line":49,"column":33}},"49":{"start":{"line":50,"column":0},"end":{"line":50,"column":106}},"50":{"start":{"line":51,"column":0},"end":{"line":51,"column":22}},"51":{"start":{"line":52,"column":0},"end":{"line":52,"column":38}},"52":{"start":{"line":53,"column":0},"end":{"line":53,"column":17}},"53":{"start":{"line":54,"column":0},"end":{"line":54,"column":14}},"54":{"start":{"line":55,"column":0},"end":{"line":55,"column":13}},"55":{"start":{"line":56,"column":0},"end":{"line":56,"column":41}},"56":{"start":{"line":57,"column":0},"end":{"line":57,"column":68}},"57":{"start":{"line":58,"column":0},"end":{"line":58,"column":30}},"58":{"start":{"line":59,"column":0},"end":{"line":59,"column":35}},"59":{"start":{"line":60,"column":0},"end":{"line":60,"column":33}},"60":{"start":{"line":61,"column":0},"end":{"line":61,"column":114}},"61":{"start":{"line":62,"column":0},"end":{"line":62,"column":50}},"62":{"start":{"line":63,"column":0},"end":{"line":63,"column":49}},"63":{"start":{"line":64,"column":0},"end":{"line":64,"column":56}},"64":{"start":{"line":65,"column":0},"end":{"line":65,"column":73}},"65":{"start":{"line":66,"column":0},"end":{"line":66,"column":81}},"66":{"start":{"line":67,"column":0},"end":{"line":67,"column":104}},"67":{"start":{"line":68,"column":0},"end":{"line":68,"column":107}},"68":{"start":{"line":69,"column":0},"end":{"line":69,"column":53}},"69":{"start":{"line":70,"column":0},"end":{"line":70,"column":86}},"70":{"start":{"line":71,"column":0},"end":{"line":71,"column":22}},"71":{"start":{"line":72,"column":0},"end":{"line":72,"column":78}},"72":{"start":{"line":73,"column":0},"end":{"line":73,"column":17}},"73":{"start":{"line":74,"column":0},"end":{"line":74,"column":13}},"74":{"start":{"line":75,"column":0},"end":{"line":75,"column":9}},"75":{"start":{"line":76,"column":0},"end":{"line":76,"column":6}},"76":{"start":{"line":77,"column":0},"end":{"line":77,"column":3}},"78":{"start":{"line":79,"column":0},"end":{"line":79,"column":24}},"79":{"start":{"line":80,"column":0},"end":{"line":80,"column":68}},"80":{"start":{"line":81,"column":0},"end":{"line":81,"column":9}},"81":{"start":{"line":82,"column":0},"end":{"line":82,"column":56}},"82":{"start":{"line":83,"column":0},"end":{"line":83,"column":79}},"83":{"start":{"line":84,"column":0},"end":{"line":84,"column":84}},"84":{"start":{"line":85,"column":0},"end":{"line":85,"column":42}},"85":{"start":{"line":86,"column":0},"end":{"line":86,"column":106}},"86":{"start":{"line":87,"column":0},"end":{"line":87,"column":9}},"88":{"start":{"line":89,"column":0},"end":{"line":89,"column":55}},"89":{"start":{"line":90,"column":0},"end":{"line":90,"column":54}},"90":{"start":{"line":91,"column":0},"end":{"line":91,"column":80}},"91":{"start":{"line":92,"column":0},"end":{"line":92,"column":84}},"92":{"start":{"line":93,"column":0},"end":{"line":93,"column":43}},"93":{"start":{"line":94,"column":0},"end":{"line":94,"column":58}},"94":{"start":{"line":95,"column":0},"end":{"line":95,"column":76}},"95":{"start":{"line":96,"column":0},"end":{"line":96,"column":106}},"96":{"start":{"line":97,"column":0},"end":{"line":97,"column":9}},"98":{"start":{"line":99,"column":0},"end":{"line":99,"column":57}},"99":{"start":{"line":100,"column":0},"end":{"line":100,"column":50}},"100":{"start":{"line":101,"column":0},"end":{"line":101,"column":39}},"101":{"start":{"line":102,"column":0},"end":{"line":102,"column":87}},"102":{"start":{"line":103,"column":0},"end":{"line":103,"column":53}},"104":{"start":{"line":105,"column":0},"end":{"line":105,"column":60}},"105":{"start":{"line":106,"column":0},"end":{"line":106,"column":34}},"106":{"start":{"line":107,"column":0},"end":{"line":107,"column":78}},"107":{"start":{"line":108,"column":0},"end":{"line":108,"column":13}},"109":{"start":{"line":110,"column":0},"end":{"line":110,"column":47}},"110":{"start":{"line":111,"column":0},"end":{"line":111,"column":23}},"111":{"start":{"line":112,"column":0},"end":{"line":112,"column":38}},"112":{"start":{"line":113,"column":0},"end":{"line":113,"column":42}},"113":{"start":{"line":114,"column":0},"end":{"line":114,"column":15}},"115":{"start":{"line":116,"column":0},"end":{"line":116,"column":84}},"116":{"start":{"line":117,"column":0},"end":{"line":117,"column":42}},"117":{"start":{"line":118,"column":0},"end":{"line":118,"column":106}},"118":{"start":{"line":119,"column":0},"end":{"line":119,"column":9}},"120":{"start":{"line":121,"column":0},"end":{"line":121,"column":64}},"121":{"start":{"line":122,"column":0},"end":{"line":122,"column":17}},"122":{"start":{"line":123,"column":0},"end":{"line":123,"column":79}},"123":{"start":{"line":124,"column":0},"end":{"line":124,"column":5}},"124":{"start":{"line":125,"column":0},"end":{"line":125,"column":3}},"126":{"start":{"line":127,"column":0},"end":{"line":127,"column":13}},"127":{"start":{"line":128,"column":0},"end":{"line":128,"column":22}},"128":{"start":{"line":129,"column":0},"end":{"line":129,"column":49}},"129":{"start":{"line":130,"column":0},"end":{"line":130,"column":36}},"130":{"start":{"line":131,"column":0},"end":{"line":131,"column":66}},"131":{"start":{"line":132,"column":0},"end":{"line":132,"column":1}},"133":{"start":{"line":134,"column":0},"end":{"line":134,"column":27}}},"s":{"0":0,"2":0,"3":0,"4":0,"6":0,"7":0,"8":0,"9":0,"11":0,"12":0,"13":0,"14":0,"16":0,"18":0,"19":0,"20":0,"21":0,"23":0,"24":0,"25":0,"26":0,"28":0,"29":0,"30":0,"31":0,"32":0,"34":0,"35":0,"36":0,"37":0,"38":0,"39":0,"40":0,"41":0,"42":0,"43":0,"44":0,"45":0,"46":0,"47":0,"48":0,"49":0,"50":0,"51":0,"52":0,"53":0,"54":0,"55":0,"56":0,"57":0,"58":0,"59":0,"60":0,"61":0,"62":0,"63":0,"64":0,"65":0,"66":0,"67":0,"68":0,"69":0,"70":0,"71":0,"72":0,"73":0,"74":0,"75":0,"76":0,"78":0,"79":0,"80":0,"81":0,"82":0,"83":0,"84":0,"85":0,"86":0,"88":0,"89":0,"90":0,"91":0,"92":0,"93":0,"94":0,"95":0,"96":0,"98":0,"99":0,"100":0,"101":0,"102":0,"104":0,"105":0,"106":0,"107":0,"109":0,"110":0,"111":0,"112":0,"113":0,"115":0,"116":0,"117":0,"118":0,"120":0,"121":0,"122":0,"123":0,"124":0,"126":0,"127":0,"128":0,"129":0,"130":0,"131":0,"133":0},"branchMap":{"0":{"type":"branch","line":1,"loc":{"start":{"line":1,"column":0},"end":{"line":134,"column":-246}},"locations":[{"start":{"line":1,"column":0},"end":{"line":134,"column":-246}}]}},"b":{"0":[0]},"fnMap":{"0":{"name":"(empty-report)","decl":{"start":{"line":1,"column":0},"end":{"line":134,"column":-246}},"loc":{"start":{"line":1,"column":0},"end":{"line":134,"column":-246}},"line":1}},"f":{"0":0}}
,"/Users/ryan/Code/zygodactyl/static-site/public/editor.js": {"path":"/Users/ryan/Code/zygodactyl/static-site/public/editor.js","all":false,"statementMap":{"0":{"start":{"line":1,"column":0},"end":{"line":1,"column":45}},"1":{"start":{"line":2,"column":0},"end":{"line":2,"column":45}},"2":{"start":{"line":3,"column":0},"end":{"line":3,"column":40}},"3":{"start":{"line":4,"column":0},"end":{"line":4,"column":51}},"5":{"start":{"line":6,"column":0},"end":{"line":6,"column":59}},"6":{"start":{"line":7,"column":0},"end":{"line":7,"column":24}},"8":{"start":{"line":9,"column":0},"end":{"line":9,"column":52}},"9":{"start":{"line":10,"column":0},"end":{"line":10,"column":22}},"10":{"start":{"line":11,"column":0},"end":{"line":11,"column":31}},"11":{"start":{"line":12,"column":0},"end":{"line":12,"column":31}},"12":{"start":{"line":13,"column":0},"end":{"line":13,"column":9}},"13":{"start":{"line":14,"column":0},"end":{"line":14,"column":7}},"15":{"start":{"line":16,"column":0},"end":{"line":16,"column":31}},"16":{"start":{"line":17,"column":0},"end":{"line":17,"column":49}},"17":{"start":{"line":18,"column":0},"end":{"line":18,"column":30}},"18":{"start":{"line":19,"column":0},"end":{"line":19,"column":28}},"20":{"start":{"line":21,"column":0},"end":{"line":21,"column":22}},"21":{"start":{"line":22,"column":0},"end":{"line":22,"column":39}},"22":{"start":{"line":23,"column":0},"end":{"line":23,"column":33}},"23":{"start":{"line":24,"column":0},"end":{"line":24,"column":51}},"24":{"start":{"line":25,"column":0},"end":{"line":25,"column":15}},"26":{"start":{"line":27,"column":0},"end":{"line":27,"column":70}},"28":{"start":{"line":29,"column":0},"end":{"line":29,"column":28}},"29":{"start":{"line":30,"column":0},"end":{"line":30,"column":49}},"30":{"start":{"line":31,"column":0},"end":{"line":31,"column":23}},"31":{"start":{"line":32,"column":0},"end":{"line":32,"column":13}},"33":{"start":{"line":34,"column":0},"end":{"line":34,"column":65}},"34":{"start":{"line":35,"column":0},"end":{"line":35,"column":28}},"35":{"start":{"line":36,"column":0},"end":{"line":36,"column":65}},"36":{"start":{"line":37,"column":0},"end":{"line":37,"column":52}},"37":{"start":{"line":38,"column":0},"end":{"line":38,"column":53}},"38":{"start":{"line":39,"column":0},"end":{"line":39,"column":68}},"39":{"start":{"line":40,"column":0},"end":{"line":40,"column":163}},"40":{"start":{"line":41,"column":0},"end":{"line":41,"column":49}},"42":{"start":{"line":43,"column":0},"end":{"line":43,"column":72}},"43":{"start":{"line":44,"column":0},"end":{"line":44,"column":32}},"44":{"start":{"line":45,"column":0},"end":{"line":45,"column":64}},"45":{"start":{"line":46,"column":0},"end":{"line":46,"column":43}},"46":{"start":{"line":47,"column":0},"end":{"line":47,"column":48}},"47":{"start":{"line":48,"column":0},"end":{"line":48,"column":23}},"48":{"start":{"line":49,"column":0},"end":{"line":49,"column":17}},"49":{"start":{"line":50,"column":0},"end":{"line":50,"column":13}},"50":{"start":{"line":51,"column":0},"end":{"line":51,"column":9}},"52":{"start":{"line":53,"column":0},"end":{"line":53,"column":42}},"53":{"start":{"line":54,"column":0},"end":{"line":54,"column":41}},"54":{"start":{"line":55,"column":0},"end":{"line":55,"column":72}},"55":{"start":{"line":56,"column":0},"end":{"line":56,"column":50}},"56":{"start":{"line":57,"column":0},"end":{"line":57,"column":10}},"58":{"start":{"line":59,"column":0},"end":{"line":59,"column":38}},"59":{"start":{"line":60,"column":0},"end":{"line":60,"column":35}},"60":{"start":{"line":61,"column":0},"end":{"line":61,"column":55}},"61":{"start":{"line":62,"column":0},"end":{"line":62,"column":44}},"62":{"start":{"line":63,"column":0},"end":{"line":63,"column":36}},"63":{"start":{"line":64,"column":0},"end":{"line":64,"column":11}},"65":{"start":{"line":66,"column":0},"end":{"line":66,"column":46}},"66":{"start":{"line":67,"column":0},"end":{"line":67,"column":59}},"67":{"start":{"line":68,"column":0},"end":{"line":68,"column":9}},"69":{"start":{"line":70,"column":0},"end":{"line":70,"column":27}},"70":{"start":{"line":71,"column":0},"end":{"line":71,"column":59}},"71":{"start":{"line":72,"column":0},"end":{"line":72,"column":22}},"72":{"start":{"line":73,"column":0},"end":{"line":73,"column":54}},"73":{"start":{"line":74,"column":0},"end":{"line":74,"column":62}},"74":{"start":{"line":75,"column":0},"end":{"line":75,"column":33}},"75":{"start":{"line":76,"column":0},"end":{"line":76,"column":78}},"76":{"start":{"line":77,"column":0},"end":{"line":77,"column":82}},"77":{"start":{"line":78,"column":0},"end":{"line":78,"column":91}},"78":{"start":{"line":79,"column":0},"end":{"line":79,"column":91}},"79":{"start":{"line":80,"column":0},"end":{"line":80,"column":86}},"80":{"start":{"line":81,"column":0},"end":{"line":81,"column":85}},"81":{"start":{"line":82,"column":0},"end":{"line":82,"column":89}},"82":{"start":{"line":83,"column":0},"end":{"line":83,"column":15}},"83":{"start":{"line":84,"column":0},"end":{"line":84,"column":9}},"85":{"start":{"line":86,"column":0},"end":{"line":86,"column":55}},"86":{"start":{"line":87,"column":0},"end":{"line":87,"column":79}},"87":{"start":{"line":88,"column":0},"end":{"line":88,"column":77}},"88":{"start":{"line":89,"column":0},"end":{"line":89,"column":28}},"89":{"start":{"line":90,"column":0},"end":{"line":90,"column":13}},"90":{"start":{"line":91,"column":0},"end":{"line":91,"column":17}},"91":{"start":{"line":92,"column":0},"end":{"line":92,"column":61}},"92":{"start":{"line":93,"column":0},"end":{"line":93,"column":47}},"93":{"start":{"line":94,"column":0},"end":{"line":94,"column":68}},"94":{"start":{"line":95,"column":0},"end":{"line":95,"column":41}},"95":{"start":{"line":96,"column":0},"end":{"line":96,"column":77}},"96":{"start":{"line":97,"column":0},"end":{"line":97,"column":45}},"97":{"start":{"line":98,"column":0},"end":{"line":98,"column":28}},"98":{"start":{"line":99,"column":0},"end":{"line":99,"column":76}},"99":{"start":{"line":100,"column":0},"end":{"line":100,"column":46}},"100":{"start":{"line":101,"column":0},"end":{"line":101,"column":21}},"101":{"start":{"line":102,"column":0},"end":{"line":102,"column":17}},"102":{"start":{"line":103,"column":0},"end":{"line":103,"column":64}},"103":{"start":{"line":104,"column":0},"end":{"line":104,"column":37}},"104":{"start":{"line":105,"column":0},"end":{"line":105,"column":39}},"105":{"start":{"line":106,"column":0},"end":{"line":106,"column":52}},"106":{"start":{"line":107,"column":0},"end":{"line":107,"column":59}},"107":{"start":{"line":108,"column":0},"end":{"line":108,"column":49}},"108":{"start":{"line":109,"column":0},"end":{"line":109,"column":34}},"109":{"start":{"line":110,"column":0},"end":{"line":110,"column":56}},"110":{"start":{"line":111,"column":0},"end":{"line":111,"column":37}},"111":{"start":{"line":112,"column":0},"end":{"line":112,"column":31}},"112":{"start":{"line":113,"column":0},"end":{"line":113,"column":22}},"113":{"start":{"line":114,"column":0},"end":{"line":114,"column":19}},"114":{"start":{"line":115,"column":0},"end":{"line":115,"column":21}},"115":{"start":{"line":116,"column":0},"end":{"line":116,"column":28}},"116":{"start":{"line":117,"column":0},"end":{"line":117,"column":13}},"117":{"start":{"line":118,"column":0},"end":{"line":118,"column":9}},"119":{"start":{"line":120,"column":0},"end":{"line":120,"column":58}},"120":{"start":{"line":121,"column":0},"end":{"line":121,"column":47}},"121":{"start":{"line":122,"column":0},"end":{"line":122,"column":80}},"122":{"start":{"line":123,"column":0},"end":{"line":123,"column":24}},"123":{"start":{"line":124,"column":0},"end":{"line":124,"column":61}},"124":{"start":{"line":125,"column":0},"end":{"line":125,"column":13}},"125":{"start":{"line":126,"column":0},"end":{"line":126,"column":92}},"126":{"start":{"line":127,"column":0},"end":{"line":127,"column":31}},"127":{"start":{"line":128,"column":0},"end":{"line":128,"column":33}},"128":{"start":{"line":129,"column":0},"end":{"line":129,"column":33}},"129":{"start":{"line":130,"column":0},"end":{"line":130,"column":15}},"130":{"start":{"line":131,"column":0},"end":{"line":131,"column":42}},"131":{"start":{"line":132,"column":0},"end":{"line":132,"column":26}},"132":{"start":{"line":133,"column":0},"end":{"line":133,"column":77}},"133":{"start":{"line":134,"column":0},"end":{"line":134,"column":13}},"134":{"start":{"line":135,"column":0},"end":{"line":135,"column":24}},"135":{"start":{"line":136,"column":0},"end":{"line":136,"column":9}},"137":{"start":{"line":138,"column":0},"end":{"line":138,"column":48}},"138":{"start":{"line":139,"column":0},"end":{"line":139,"column":56}},"139":{"start":{"line":140,"column":0},"end":{"line":140,"column":74}},"140":{"start":{"line":141,"column":0},"end":{"line":141,"column":60}},"141":{"start":{"line":142,"column":0},"end":{"line":142,"column":9}},"143":{"start":{"line":144,"column":0},"end":{"line":144,"column":41}},"144":{"start":{"line":145,"column":0},"end":{"line":145,"column":62}},"145":{"start":{"line":146,"column":0},"end":{"line":146,"column":66}},"146":{"start":{"line":147,"column":0},"end":{"line":147,"column":63}},"148":{"start":{"line":149,"column":0},"end":{"line":149,"column":37}},"149":{"start":{"line":150,"column":0},"end":{"line":150,"column":73}},"150":{"start":{"line":151,"column":0},"end":{"line":151,"column":63}},"151":{"start":{"line":152,"column":0},"end":{"line":152,"column":49}},"152":{"start":{"line":153,"column":0},"end":{"line":153,"column":34}},"154":{"start":{"line":155,"column":0},"end":{"line":155,"column":87}},"155":{"start":{"line":156,"column":0},"end":{"line":156,"column":21}},"156":{"start":{"line":157,"column":0},"end":{"line":157,"column":63}},"157":{"start":{"line":158,"column":0},"end":{"line":158,"column":93}},"158":{"start":{"line":159,"column":0},"end":{"line":159,"column":75}},"159":{"start":{"line":160,"column":0},"end":{"line":160,"column":31}},"160":{"start":{"line":161,"column":0},"end":{"line":161,"column":89}},"161":{"start":{"line":162,"column":0},"end":{"line":162,"column":17}},"162":{"start":{"line":163,"column":0},"end":{"line":163,"column":38}},"163":{"start":{"line":164,"column":0},"end":{"line":164,"column":15}},"164":{"start":{"line":165,"column":0},"end":{"line":165,"column":9}},"166":{"start":{"line":167,"column":0},"end":{"line":167,"column":37}},"167":{"start":{"line":168,"column":0},"end":{"line":168,"column":66}},"168":{"start":{"line":169,"column":0},"end":{"line":169,"column":72}},"169":{"start":{"line":170,"column":0},"end":{"line":170,"column":89}},"170":{"start":{"line":171,"column":0},"end":{"line":171,"column":77}},"171":{"start":{"line":172,"column":0},"end":{"line":172,"column":75}},"172":{"start":{"line":173,"column":0},"end":{"line":173,"column":75}},"173":{"start":{"line":174,"column":0},"end":{"line":174,"column":77}},"174":{"start":{"line":175,"column":0},"end":{"line":175,"column":75}},"175":{"start":{"line":176,"column":0},"end":{"line":176,"column":77}},"177":{"start":{"line":178,"column":0},"end":{"line":178,"column":37}},"178":{"start":{"line":179,"column":0},"end":{"line":179,"column":57}},"179":{"start":{"line":180,"column":0},"end":{"line":180,"column":22}},"180":{"start":{"line":181,"column":0},"end":{"line":181,"column":63}},"181":{"start":{"line":182,"column":0},"end":{"line":182,"column":89}},"182":{"start":{"line":183,"column":0},"end":{"line":183,"column":72}},"183":{"start":{"line":184,"column":0},"end":{"line":184,"column":20}},"184":{"start":{"line":185,"column":0},"end":{"line":185,"column":62}},"185":{"start":{"line":186,"column":0},"end":{"line":186,"column":88}},"186":{"start":{"line":187,"column":0},"end":{"line":187,"column":73}},"187":{"start":{"line":188,"column":0},"end":{"line":188,"column":13}},"188":{"start":{"line":189,"column":0},"end":{"line":189,"column":9}},"190":{"start":{"line":191,"column":0},"end":{"line":191,"column":52}},"191":{"start":{"line":192,"column":0},"end":{"line":192,"column":65}},"192":{"start":{"line":193,"column":0},"end":{"line":193,"column":89}},"193":{"start":{"line":194,"column":0},"end":{"line":194,"column":17}},"194":{"start":{"line":195,"column":0},"end":{"line":195,"column":59}},"195":{"start":{"line":196,"column":0},"end":{"line":196,"column":40}},"196":{"start":{"line":197,"column":0},"end":{"line":197,"column":77}},"197":{"start":{"line":198,"column":0},"end":{"line":198,"column":27}},"198":{"start":{"line":199,"column":0},"end":{"line":199,"column":91}},"199":{"start":{"line":200,"column":0},"end":{"line":200,"column":13}},"200":{"start":{"line":201,"column":0},"end":{"line":201,"column":9}},"202":{"start":{"line":203,"column":0},"end":{"line":203,"column":47}},"203":{"start":{"line":204,"column":0},"end":{"line":204,"column":83}},"204":{"start":{"line":205,"column":0},"end":{"line":205,"column":9}},"205":{"start":{"line":206,"column":0},"end":{"line":206,"column":48}},"206":{"start":{"line":207,"column":0},"end":{"line":207,"column":84}},"207":{"start":{"line":208,"column":0},"end":{"line":208,"column":9}},"208":{"start":{"line":209,"column":0},"end":{"line":209,"column":29}},"209":{"start":{"line":210,"column":0},"end":{"line":210,"column":61}},"210":{"start":{"line":211,"column":0},"end":{"line":211,"column":53}},"211":{"start":{"line":212,"column":0},"end":{"line":212,"column":54}},"212":{"start":{"line":213,"column":0},"end":{"line":213,"column":42}},"213":{"start":{"line":214,"column":0},"end":{"line":214,"column":15}},"214":{"start":{"line":215,"column":0},"end":{"line":215,"column":9}},"215":{"start":{"line":216,"column":0},"end":{"line":216,"column":29}},"216":{"start":{"line":217,"column":0},"end":{"line":217,"column":78}},"217":{"start":{"line":218,"column":0},"end":{"line":218,"column":9}},"218":{"start":{"line":219,"column":0},"end":{"line":219,"column":25}},"219":{"start":{"line":220,"column":0},"end":{"line":220,"column":56}},"220":{"start":{"line":221,"column":0},"end":{"line":221,"column":52}},"221":{"start":{"line":222,"column":0},"end":{"line":222,"column":44}},"222":{"start":{"line":223,"column":0},"end":{"line":223,"column":15}},"223":{"start":{"line":224,"column":0},"end":{"line":224,"column":9}},"225":{"start":{"line":226,"column":0},"end":{"line":226,"column":28}},"226":{"start":{"line":227,"column":0},"end":{"line":227,"column":57}},"227":{"start":{"line":228,"column":0},"end":{"line":228,"column":61}},"228":{"start":{"line":229,"column":0},"end":{"line":229,"column":39}},"229":{"start":{"line":230,"column":0},"end":{"line":230,"column":60}},"230":{"start":{"line":231,"column":0},"end":{"line":231,"column":19}},"231":{"start":{"line":232,"column":0},"end":{"line":232,"column":15}},"233":{"start":{"line":234,"column":0},"end":{"line":234,"column":53}},"234":{"start":{"line":235,"column":0},"end":{"line":235,"column":61}},"235":{"start":{"line":236,"column":0},"end":{"line":236,"column":39}},"236":{"start":{"line":237,"column":0},"end":{"line":237,"column":63}},"237":{"start":{"line":238,"column":0},"end":{"line":238,"column":19}},"238":{"start":{"line":239,"column":0},"end":{"line":239,"column":15}},"240":{"start":{"line":241,"column":0},"end":{"line":241,"column":59}},"241":{"start":{"line":242,"column":0},"end":{"line":242,"column":35}},"242":{"start":{"line":243,"column":0},"end":{"line":243,"column":53}},"243":{"start":{"line":244,"column":0},"end":{"line":244,"column":54}},"244":{"start":{"line":245,"column":0},"end":{"line":245,"column":15}},"245":{"start":{"line":246,"column":0},"end":{"line":246,"column":9}},"247":{"start":{"line":248,"column":0},"end":{"line":248,"column":45}},"248":{"start":{"line":249,"column":0},"end":{"line":249,"column":41}},"250":{"start":{"line":251,"column":0},"end":{"line":251,"column":61}},"251":{"start":{"line":252,"column":0},"end":{"line":252,"column":73}},"252":{"start":{"line":253,"column":0},"end":{"line":253,"column":64}},"253":{"start":{"line":254,"column":0},"end":{"line":254,"column":75}},"254":{"start":{"line":255,"column":0},"end":{"line":255,"column":75}},"255":{"start":{"line":256,"column":0},"end":{"line":256,"column":68}},"256":{"start":{"line":257,"column":0},"end":{"line":257,"column":71}},"257":{"start":{"line":258,"column":0},"end":{"line":258,"column":79}},"258":{"start":{"line":259,"column":0},"end":{"line":259,"column":77}},"259":{"start":{"line":260,"column":0},"end":{"line":260,"column":76}},"260":{"start":{"line":261,"column":0},"end":{"line":261,"column":71}},"261":{"start":{"line":262,"column":0},"end":{"line":262,"column":73}},"262":{"start":{"line":263,"column":0},"end":{"line":263,"column":71}},"264":{"start":{"line":265,"column":0},"end":{"line":265,"column":31}},"265":{"start":{"line":266,"column":0},"end":{"line":266,"column":35}},"266":{"start":{"line":267,"column":0},"end":{"line":267,"column":28}},"267":{"start":{"line":268,"column":0},"end":{"line":268,"column":27}},"269":{"start":{"line":270,"column":0},"end":{"line":270,"column":59}},"270":{"start":{"line":271,"column":0},"end":{"line":271,"column":35}},"271":{"start":{"line":272,"column":0},"end":{"line":272,"column":31}},"272":{"start":{"line":273,"column":0},"end":{"line":273,"column":82}},"273":{"start":{"line":274,"column":0},"end":{"line":274,"column":47}},"274":{"start":{"line":275,"column":0},"end":{"line":275,"column":31}},"275":{"start":{"line":276,"column":0},"end":{"line":276,"column":68}},"277":{"start":{"line":278,"column":0},"end":{"line":278,"column":48}},"278":{"start":{"line":279,"column":0},"end":{"line":279,"column":45}},"279":{"start":{"line":280,"column":0},"end":{"line":280,"column":45}},"280":{"start":{"line":281,"column":0},"end":{"line":281,"column":34}},"281":{"start":{"line":282,"column":0},"end":{"line":282,"column":15}},"282":{"start":{"line":283,"column":0},"end":{"line":283,"column":39}},"283":{"start":{"line":284,"column":0},"end":{"line":284,"column":59}},"284":{"start":{"line":285,"column":0},"end":{"line":285,"column":13}},"286":{"start":{"line":287,"column":0},"end":{"line":287,"column":17}},"287":{"start":{"line":288,"column":0},"end":{"line":288,"column":88}},"288":{"start":{"line":289,"column":0},"end":{"line":289,"column":46}},"289":{"start":{"line":290,"column":0},"end":{"line":290,"column":30}},"290":{"start":{"line":291,"column":0},"end":{"line":291,"column":118}},"291":{"start":{"line":292,"column":0},"end":{"line":292,"column":80}},"292":{"start":{"line":293,"column":0},"end":{"line":293,"column":27}},"293":{"start":{"line":294,"column":0},"end":{"line":294,"column":17}},"295":{"start":{"line":296,"column":0},"end":{"line":296,"column":61}},"296":{"start":{"line":297,"column":0},"end":{"line":297,"column":57}},"297":{"start":{"line":298,"column":0},"end":{"line":298,"column":78}},"298":{"start":{"line":299,"column":0},"end":{"line":299,"column":79}},"299":{"start":{"line":300,"column":0},"end":{"line":300,"column":83}},"300":{"start":{"line":301,"column":0},"end":{"line":301,"column":80}},"301":{"start":{"line":302,"column":0},"end":{"line":302,"column":27}},"302":{"start":{"line":303,"column":0},"end":{"line":303,"column":17}},"304":{"start":{"line":305,"column":0},"end":{"line":305,"column":41}},"305":{"start":{"line":306,"column":0},"end":{"line":306,"column":46}},"306":{"start":{"line":307,"column":0},"end":{"line":307,"column":63}},"307":{"start":{"line":308,"column":0},"end":{"line":308,"column":50}},"308":{"start":{"line":309,"column":0},"end":{"line":309,"column":87}},"309":{"start":{"line":310,"column":0},"end":{"line":310,"column":72}},"310":{"start":{"line":311,"column":0},"end":{"line":311,"column":65}},"312":{"start":{"line":313,"column":0},"end":{"line":313,"column":38}},"313":{"start":{"line":314,"column":0},"end":{"line":314,"column":57}},"314":{"start":{"line":315,"column":0},"end":{"line":315,"column":87}},"315":{"start":{"line":316,"column":0},"end":{"line":316,"column":30}},"316":{"start":{"line":317,"column":0},"end":{"line":317,"column":48}},"317":{"start":{"line":318,"column":0},"end":{"line":318,"column":97}},"318":{"start":{"line":319,"column":0},"end":{"line":319,"column":72}},"319":{"start":{"line":320,"column":0},"end":{"line":320,"column":30}},"320":{"start":{"line":321,"column":0},"end":{"line":321,"column":56}},"321":{"start":{"line":322,"column":0},"end":{"line":322,"column":90}},"322":{"start":{"line":323,"column":0},"end":{"line":323,"column":119}},"323":{"start":{"line":324,"column":0},"end":{"line":324,"column":30}},"324":{"start":{"line":325,"column":0},"end":{"line":325,"column":22}},"326":{"start":{"line":327,"column":0},"end":{"line":327,"column":94}},"327":{"start":{"line":328,"column":0},"end":{"line":328,"column":44}},"328":{"start":{"line":329,"column":0},"end":{"line":329,"column":83}},"329":{"start":{"line":330,"column":0},"end":{"line":330,"column":42}},"330":{"start":{"line":331,"column":0},"end":{"line":331,"column":23}},"332":{"start":{"line":333,"column":0},"end":{"line":333,"column":58}},"333":{"start":{"line":334,"column":0},"end":{"line":334,"column":83}},"334":{"start":{"line":335,"column":0},"end":{"line":335,"column":42}},"335":{"start":{"line":336,"column":0},"end":{"line":336,"column":23}},"337":{"start":{"line":338,"column":0},"end":{"line":338,"column":100}},"338":{"start":{"line":339,"column":0},"end":{"line":339,"column":44}},"339":{"start":{"line":340,"column":0},"end":{"line":340,"column":98}},"341":{"start":{"line":342,"column":0},"end":{"line":342,"column":62}},"342":{"start":{"line":343,"column":0},"end":{"line":343,"column":40}},"343":{"start":{"line":344,"column":0},"end":{"line":344,"column":68}},"344":{"start":{"line":345,"column":0},"end":{"line":345,"column":35}},"345":{"start":{"line":346,"column":0},"end":{"line":346,"column":25}},"346":{"start":{"line":347,"column":0},"end":{"line":347,"column":46}},"347":{"start":{"line":348,"column":0},"end":{"line":348,"column":89}},"348":{"start":{"line":349,"column":0},"end":{"line":349,"column":29}},"349":{"start":{"line":350,"column":0},"end":{"line":350,"column":102}},"350":{"start":{"line":351,"column":0},"end":{"line":351,"column":49}},"351":{"start":{"line":352,"column":0},"end":{"line":352,"column":52}},"352":{"start":{"line":353,"column":0},"end":{"line":353,"column":31}},"353":{"start":{"line":354,"column":0},"end":{"line":354,"column":44}},"354":{"start":{"line":355,"column":0},"end":{"line":355,"column":46}},"355":{"start":{"line":356,"column":0},"end":{"line":356,"column":70}},"356":{"start":{"line":357,"column":0},"end":{"line":357,"column":90}},"357":{"start":{"line":358,"column":0},"end":{"line":358,"column":33}},"358":{"start":{"line":359,"column":0},"end":{"line":359,"column":36}},"359":{"start":{"line":360,"column":0},"end":{"line":360,"column":64}},"360":{"start":{"line":361,"column":0},"end":{"line":361,"column":29}},"361":{"start":{"line":362,"column":0},"end":{"line":362,"column":33}},"362":{"start":{"line":363,"column":0},"end":{"line":363,"column":66}},"363":{"start":{"line":364,"column":0},"end":{"line":364,"column":25}},"364":{"start":{"line":365,"column":0},"end":{"line":365,"column":23}},"366":{"start":{"line":367,"column":0},"end":{"line":367,"column":48}},"367":{"start":{"line":368,"column":0},"end":{"line":368,"column":19}},"369":{"start":{"line":370,"column":0},"end":{"line":370,"column":45}},"370":{"start":{"line":371,"column":0},"end":{"line":371,"column":57}},"371":{"start":{"line":372,"column":0},"end":{"line":372,"column":112}},"372":{"start":{"line":373,"column":0},"end":{"line":373,"column":41}},"373":{"start":{"line":374,"column":0},"end":{"line":374,"column":63}},"374":{"start":{"line":375,"column":0},"end":{"line":375,"column":128}},"375":{"start":{"line":376,"column":0},"end":{"line":376,"column":79}},"376":{"start":{"line":377,"column":0},"end":{"line":377,"column":88}},"377":{"start":{"line":378,"column":0},"end":{"line":378,"column":28}},"378":{"start":{"line":379,"column":0},"end":{"line":379,"column":63}},"379":{"start":{"line":380,"column":0},"end":{"line":380,"column":21}},"380":{"start":{"line":381,"column":0},"end":{"line":381,"column":45}},"381":{"start":{"line":382,"column":0},"end":{"line":382,"column":59}},"382":{"start":{"line":383,"column":0},"end":{"line":383,"column":17}},"383":{"start":{"line":384,"column":0},"end":{"line":384,"column":27}},"384":{"start":{"line":385,"column":0},"end":{"line":385,"column":95}},"385":{"start":{"line":386,"column":0},"end":{"line":386,"column":76}},"386":{"start":{"line":387,"column":0},"end":{"line":387,"column":13}},"387":{"start":{"line":388,"column":0},"end":{"line":388,"column":9}},"389":{"start":{"line":390,"column":0},"end":{"line":390,"column":43}},"390":{"start":{"line":391,"column":0},"end":{"line":391,"column":31}},"391":{"start":{"line":392,"column":0},"end":{"line":392,"column":70}},"392":{"start":{"line":393,"column":0},"end":{"line":393,"column":41}},"393":{"start":{"line":394,"column":0},"end":{"line":394,"column":28}},"394":{"start":{"line":395,"column":0},"end":{"line":395,"column":73}},"395":{"start":{"line":396,"column":0},"end":{"line":396,"column":69}},"396":{"start":{"line":397,"column":0},"end":{"line":397,"column":30}},"397":{"start":{"line":398,"column":0},"end":{"line":398,"column":9}},"399":{"start":{"line":400,"column":0},"end":{"line":400,"column":36}},"400":{"start":{"line":401,"column":0},"end":{"line":401,"column":31}},"401":{"start":{"line":402,"column":0},"end":{"line":402,"column":41}},"402":{"start":{"line":403,"column":0},"end":{"line":403,"column":41}},"403":{"start":{"line":404,"column":0},"end":{"line":404,"column":58}},"404":{"start":{"line":405,"column":0},"end":{"line":405,"column":9}},"406":{"start":{"line":407,"column":0},"end":{"line":407,"column":84}},"408":{"start":{"line":409,"column":0},"end":{"line":409,"column":27}},"409":{"start":{"line":410,"column":0},"end":{"line":410,"column":64}},"410":{"start":{"line":411,"column":0},"end":{"line":411,"column":54}},"411":{"start":{"line":412,"column":0},"end":{"line":412,"column":32}},"412":{"start":{"line":413,"column":0},"end":{"line":413,"column":57}},"413":{"start":{"line":414,"column":0},"end":{"line":414,"column":27}},"414":{"start":{"line":415,"column":0},"end":{"line":415,"column":17}},"415":{"start":{"line":416,"column":0},"end":{"line":416,"column":34}},"416":{"start":{"line":417,"column":0},"end":{"line":417,"column":66}},"417":{"start":{"line":418,"column":0},"end":{"line":418,"column":53}},"418":{"start":{"line":419,"column":0},"end":{"line":419,"column":17}},"419":{"start":{"line":420,"column":0},"end":{"line":420,"column":45}},"420":{"start":{"line":421,"column":0},"end":{"line":421,"column":21}},"421":{"start":{"line":422,"column":0},"end":{"line":422,"column":64}},"422":{"start":{"line":423,"column":0},"end":{"line":423,"column":39}},"423":{"start":{"line":424,"column":0},"end":{"line":424,"column":75}},"424":{"start":{"line":425,"column":0},"end":{"line":425,"column":23}},"425":{"start":{"line":426,"column":0},"end":{"line":426,"column":50}},"426":{"start":{"line":427,"column":0},"end":{"line":427,"column":33}},"427":{"start":{"line":428,"column":0},"end":{"line":428,"column":42}},"428":{"start":{"line":429,"column":0},"end":{"line":429,"column":59}},"429":{"start":{"line":430,"column":0},"end":{"line":430,"column":128}},"430":{"start":{"line":431,"column":0},"end":{"line":431,"column":64}},"431":{"start":{"line":432,"column":0},"end":{"line":432,"column":25}},"432":{"start":{"line":433,"column":0},"end":{"line":433,"column":40}},"433":{"start":{"line":434,"column":0},"end":{"line":434,"column":48}},"434":{"start":{"line":435,"column":0},"end":{"line":435,"column":28}},"435":{"start":{"line":436,"column":0},"end":{"line":436,"column":42}},"436":{"start":{"line":437,"column":0},"end":{"line":437,"column":101}},"437":{"start":{"line":438,"column":0},"end":{"line":438,"column":64}},"438":{"start":{"line":439,"column":0},"end":{"line":439,"column":25}},"439":{"start":{"line":440,"column":0},"end":{"line":440,"column":21}},"440":{"start":{"line":441,"column":0},"end":{"line":441,"column":25}},"441":{"start":{"line":442,"column":0},"end":{"line":442,"column":38}},"442":{"start":{"line":443,"column":0},"end":{"line":443,"column":78}},"443":{"start":{"line":444,"column":0},"end":{"line":444,"column":60}},"444":{"start":{"line":445,"column":0},"end":{"line":445,"column":21}},"445":{"start":{"line":446,"column":0},"end":{"line":446,"column":27}},"446":{"start":{"line":447,"column":0},"end":{"line":447,"column":50}},"447":{"start":{"line":448,"column":0},"end":{"line":448,"column":17}},"448":{"start":{"line":449,"column":0},"end":{"line":449,"column":15}},"449":{"start":{"line":450,"column":0},"end":{"line":450,"column":9}},"451":{"start":{"line":452,"column":0},"end":{"line":452,"column":34}},"452":{"start":{"line":453,"column":0},"end":{"line":453,"column":31}},"453":{"start":{"line":454,"column":0},"end":{"line":454,"column":63}},"454":{"start":{"line":455,"column":0},"end":{"line":455,"column":45}},"455":{"start":{"line":456,"column":0},"end":{"line":456,"column":51}},"456":{"start":{"line":457,"column":0},"end":{"line":457,"column":51}},"457":{"start":{"line":458,"column":0},"end":{"line":458,"column":36}},"458":{"start":{"line":459,"column":0},"end":{"line":459,"column":38}},"459":{"start":{"line":460,"column":0},"end":{"line":460,"column":24}},"460":{"start":{"line":461,"column":0},"end":{"line":461,"column":15}},"461":{"start":{"line":462,"column":0},"end":{"line":462,"column":9}},"463":{"start":{"line":464,"column":0},"end":{"line":464,"column":30}},"464":{"start":{"line":465,"column":0},"end":{"line":465,"column":63}},"465":{"start":{"line":466,"column":0},"end":{"line":466,"column":45}},"466":{"start":{"line":467,"column":0},"end":{"line":467,"column":32}},"467":{"start":{"line":468,"column":0},"end":{"line":468,"column":34}},"468":{"start":{"line":469,"column":0},"end":{"line":469,"column":15}},"469":{"start":{"line":470,"column":0},"end":{"line":470,"column":9}},"471":{"start":{"line":472,"column":0},"end":{"line":472,"column":27}},"472":{"start":{"line":473,"column":0},"end":{"line":473,"column":58}},"473":{"start":{"line":474,"column":0},"end":{"line":474,"column":69}},"474":{"start":{"line":475,"column":0},"end":{"line":475,"column":15}},"475":{"start":{"line":476,"column":0},"end":{"line":476,"column":9}},"477":{"start":{"line":478,"column":0},"end":{"line":478,"column":27}},"478":{"start":{"line":479,"column":0},"end":{"line":479,"column":58}},"479":{"start":{"line":480,"column":0},"end":{"line":480,"column":48}},"480":{"start":{"line":481,"column":0},"end":{"line":481,"column":15}},"481":{"start":{"line":482,"column":0},"end":{"line":482,"column":9}},"482":{"start":{"line":483,"column":0},"end":{"line":483,"column":20}},"483":{"start":{"line":484,"column":0},"end":{"line":484,"column":52}},"484":{"start":{"line":485,"column":0},"end":{"line":485,"column":58}},"485":{"start":{"line":486,"column":0},"end":{"line":486,"column":15}},"486":{"start":{"line":487,"column":0},"end":{"line":487,"column":9}},"488":{"start":{"line":489,"column":0},"end":{"line":489,"column":47}},"489":{"start":{"line":490,"column":0},"end":{"line":490,"column":83}},"490":{"start":{"line":491,"column":0},"end":{"line":491,"column":67}},"491":{"start":{"line":492,"column":0},"end":{"line":492,"column":53}},"492":{"start":{"line":493,"column":0},"end":{"line":493,"column":34}},"494":{"start":{"line":495,"column":0},"end":{"line":495,"column":87}},"495":{"start":{"line":496,"column":0},"end":{"line":496,"column":21}},"496":{"start":{"line":497,"column":0},"end":{"line":497,"column":63}},"497":{"start":{"line":498,"column":0},"end":{"line":498,"column":75}},"498":{"start":{"line":499,"column":0},"end":{"line":499,"column":48}},"499":{"start":{"line":500,"column":0},"end":{"line":500,"column":56}},"500":{"start":{"line":501,"column":0},"end":{"line":501,"column":42}},"501":{"start":{"line":502,"column":0},"end":{"line":502,"column":28}},"502":{"start":{"line":503,"column":0},"end":{"line":503,"column":41}},"503":{"start":{"line":504,"column":0},"end":{"line":504,"column":21}},"504":{"start":{"line":505,"column":0},"end":{"line":505,"column":31}},"505":{"start":{"line":506,"column":0},"end":{"line":506,"column":95}},"506":{"start":{"line":507,"column":0},"end":{"line":507,"column":17}},"507":{"start":{"line":508,"column":0},"end":{"line":508,"column":42}},"508":{"start":{"line":509,"column":0},"end":{"line":509,"column":15}},"509":{"start":{"line":510,"column":0},"end":{"line":510,"column":9}},"511":{"start":{"line":512,"column":0},"end":{"line":512,"column":49}},"513":{"start":{"line":514,"column":0},"end":{"line":514,"column":30}},"514":{"start":{"line":515,"column":0},"end":{"line":515,"column":61}},"515":{"start":{"line":516,"column":0},"end":{"line":516,"column":61}},"516":{"start":{"line":517,"column":0},"end":{"line":517,"column":15}},"517":{"start":{"line":518,"column":0},"end":{"line":518,"column":9}},"519":{"start":{"line":520,"column":0},"end":{"line":520,"column":66}},"520":{"start":{"line":521,"column":0},"end":{"line":521,"column":25}},"521":{"start":{"line":522,"column":0},"end":{"line":522,"column":56}},"522":{"start":{"line":523,"column":0},"end":{"line":523,"column":33}},"523":{"start":{"line":524,"column":0},"end":{"line":524,"column":40}},"524":{"start":{"line":525,"column":0},"end":{"line":525,"column":76}},"525":{"start":{"line":526,"column":0},"end":{"line":526,"column":22}},"526":{"start":{"line":527,"column":0},"end":{"line":527,"column":19}},"527":{"start":{"line":528,"column":0},"end":{"line":528,"column":15}},"528":{"start":{"line":529,"column":0},"end":{"line":529,"column":9}},"530":{"start":{"line":531,"column":0},"end":{"line":531,"column":39}},"531":{"start":{"line":532,"column":0},"end":{"line":532,"column":58}},"532":{"start":{"line":533,"column":0},"end":{"line":533,"column":60}},"533":{"start":{"line":534,"column":0},"end":{"line":534,"column":54}},"535":{"start":{"line":536,"column":0},"end":{"line":536,"column":184}},"536":{"start":{"line":537,"column":0},"end":{"line":537,"column":40}},"537":{"start":{"line":538,"column":0},"end":{"line":538,"column":56}},"538":{"start":{"line":539,"column":0},"end":{"line":539,"column":21}},"539":{"start":{"line":540,"column":0},"end":{"line":540,"column":72}},"540":{"start":{"line":541,"column":0},"end":{"line":541,"column":73}},"541":{"start":{"line":542,"column":0},"end":{"line":542,"column":13}},"542":{"start":{"line":543,"column":0},"end":{"line":543,"column":11}},"544":{"start":{"line":545,"column":0},"end":{"line":545,"column":59}},"545":{"start":{"line":546,"column":0},"end":{"line":546,"column":85}},"546":{"start":{"line":547,"column":0},"end":{"line":547,"column":49}},"547":{"start":{"line":548,"column":0},"end":{"line":548,"column":52}},"548":{"start":{"line":549,"column":0},"end":{"line":549,"column":99}},"549":{"start":{"line":550,"column":0},"end":{"line":550,"column":13}},"550":{"start":{"line":551,"column":0},"end":{"line":551,"column":10}},"551":{"start":{"line":552,"column":0},"end":{"line":552,"column":25}},"552":{"start":{"line":553,"column":0},"end":{"line":553,"column":58}},"553":{"start":{"line":554,"column":0},"end":{"line":554,"column":97}},"554":{"start":{"line":555,"column":0},"end":{"line":555,"column":65}},"555":{"start":{"line":556,"column":0},"end":{"line":556,"column":146}},"556":{"start":{"line":557,"column":0},"end":{"line":557,"column":94}},"557":{"start":{"line":558,"column":0},"end":{"line":558,"column":42}},"558":{"start":{"line":559,"column":0},"end":{"line":559,"column":21}},"559":{"start":{"line":560,"column":0},"end":{"line":560,"column":46}},"560":{"start":{"line":561,"column":0},"end":{"line":561,"column":48}},"561":{"start":{"line":562,"column":0},"end":{"line":562,"column":27}},"562":{"start":{"line":563,"column":0},"end":{"line":563,"column":17}},"563":{"start":{"line":564,"column":0},"end":{"line":564,"column":44}},"564":{"start":{"line":565,"column":0},"end":{"line":565,"column":15}},"565":{"start":{"line":566,"column":0},"end":{"line":566,"column":40}},"566":{"start":{"line":567,"column":0},"end":{"line":567,"column":9}},"568":{"start":{"line":569,"column":0},"end":{"line":569,"column":66}},"569":{"start":{"line":570,"column":0},"end":{"line":570,"column":70}},"570":{"start":{"line":571,"column":0},"end":{"line":571,"column":61}},"571":{"start":{"line":572,"column":0},"end":{"line":572,"column":63}},"572":{"start":{"line":573,"column":0},"end":{"line":573,"column":72}},"573":{"start":{"line":574,"column":0},"end":{"line":574,"column":29}},"574":{"start":{"line":575,"column":0},"end":{"line":575,"column":42}},"575":{"start":{"line":576,"column":0},"end":{"line":576,"column":44}},"576":{"start":{"line":577,"column":0},"end":{"line":577,"column":13}},"577":{"start":{"line":578,"column":0},"end":{"line":578,"column":70}},"578":{"start":{"line":579,"column":0},"end":{"line":579,"column":31}},"579":{"start":{"line":580,"column":0},"end":{"line":580,"column":55}},"580":{"start":{"line":581,"column":0},"end":{"line":581,"column":13}},"581":{"start":{"line":582,"column":0},"end":{"line":582,"column":9}},"583":{"start":{"line":584,"column":0},"end":{"line":584,"column":42}},"584":{"start":{"line":585,"column":0},"end":{"line":585,"column":64}},"585":{"start":{"line":586,"column":0},"end":{"line":586,"column":24}},"586":{"start":{"line":587,"column":0},"end":{"line":587,"column":62}},"587":{"start":{"line":588,"column":0},"end":{"line":588,"column":35}},"588":{"start":{"line":589,"column":0},"end":{"line":589,"column":47}},"590":{"start":{"line":591,"column":0},"end":{"line":591,"column":75}},"591":{"start":{"line":592,"column":0},"end":{"line":592,"column":93}},"592":{"start":{"line":593,"column":0},"end":{"line":593,"column":43}},"594":{"start":{"line":595,"column":0},"end":{"line":595,"column":121}},"595":{"start":{"line":596,"column":0},"end":{"line":596,"column":105}},"596":{"start":{"line":597,"column":0},"end":{"line":597,"column":48}},"597":{"start":{"line":598,"column":0},"end":{"line":598,"column":27}},"598":{"start":{"line":599,"column":0},"end":{"line":599,"column":41}},"600":{"start":{"line":601,"column":0},"end":{"line":601,"column":42}},"601":{"start":{"line":602,"column":0},"end":{"line":602,"column":54}},"603":{"start":{"line":604,"column":0},"end":{"line":604,"column":51}},"604":{"start":{"line":605,"column":0},"end":{"line":605,"column":35}},"605":{"start":{"line":606,"column":0},"end":{"line":606,"column":72}},"607":{"start":{"line":608,"column":0},"end":{"line":608,"column":21}},"608":{"start":{"line":609,"column":0},"end":{"line":609,"column":78}},"609":{"start":{"line":610,"column":0},"end":{"line":610,"column":41}},"610":{"start":{"line":611,"column":0},"end":{"line":611,"column":32}},"611":{"start":{"line":612,"column":0},"end":{"line":612,"column":23}},"612":{"start":{"line":613,"column":0},"end":{"line":613,"column":33}},"613":{"start":{"line":614,"column":0},"end":{"line":614,"column":40}},"614":{"start":{"line":615,"column":0},"end":{"line":615,"column":56}},"615":{"start":{"line":616,"column":0},"end":{"line":616,"column":28}},"616":{"start":{"line":617,"column":0},"end":{"line":617,"column":72}},"617":{"start":{"line":618,"column":0},"end":{"line":618,"column":68}},"618":{"start":{"line":619,"column":0},"end":{"line":619,"column":98}},"619":{"start":{"line":620,"column":0},"end":{"line":620,"column":72}},"620":{"start":{"line":621,"column":0},"end":{"line":621,"column":25}},"621":{"start":{"line":622,"column":0},"end":{"line":622,"column":51}},"622":{"start":{"line":623,"column":0},"end":{"line":623,"column":63}},"623":{"start":{"line":624,"column":0},"end":{"line":624,"column":21}},"624":{"start":{"line":625,"column":0},"end":{"line":625,"column":31}},"625":{"start":{"line":626,"column":0},"end":{"line":626,"column":94}},"626":{"start":{"line":627,"column":0},"end":{"line":627,"column":69}},"627":{"start":{"line":628,"column":0},"end":{"line":628,"column":21}},"628":{"start":{"line":629,"column":0},"end":{"line":629,"column":47}},"629":{"start":{"line":630,"column":0},"end":{"line":630,"column":59}},"630":{"start":{"line":631,"column":0},"end":{"line":631,"column":17}},"631":{"start":{"line":632,"column":0},"end":{"line":632,"column":15}},"632":{"start":{"line":633,"column":0},"end":{"line":633,"column":9}},"634":{"start":{"line":635,"column":0},"end":{"line":635,"column":50}},"635":{"start":{"line":636,"column":0},"end":{"line":636,"column":77}},"636":{"start":{"line":637,"column":0},"end":{"line":637,"column":30}},"637":{"start":{"line":638,"column":0},"end":{"line":638,"column":68}},"638":{"start":{"line":639,"column":0},"end":{"line":639,"column":35}},"639":{"start":{"line":640,"column":0},"end":{"line":640,"column":75}},"640":{"start":{"line":641,"column":0},"end":{"line":641,"column":43}},"642":{"start":{"line":643,"column":0},"end":{"line":643,"column":48}},"643":{"start":{"line":644,"column":0},"end":{"line":644,"column":61}},"645":{"start":{"line":646,"column":0},"end":{"line":646,"column":51}},"646":{"start":{"line":647,"column":0},"end":{"line":647,"column":35}},"647":{"start":{"line":648,"column":0},"end":{"line":648,"column":72}},"649":{"start":{"line":650,"column":0},"end":{"line":650,"column":21}},"650":{"start":{"line":651,"column":0},"end":{"line":651,"column":91}},"651":{"start":{"line":652,"column":0},"end":{"line":652,"column":39}},"652":{"start":{"line":653,"column":0},"end":{"line":653,"column":32}},"653":{"start":{"line":654,"column":0},"end":{"line":654,"column":23}},"654":{"start":{"line":655,"column":0},"end":{"line":655,"column":33}},"655":{"start":{"line":656,"column":0},"end":{"line":656,"column":40}},"656":{"start":{"line":657,"column":0},"end":{"line":657,"column":98}},"657":{"start":{"line":658,"column":0},"end":{"line":658,"column":71}},"658":{"start":{"line":659,"column":0},"end":{"line":659,"column":25}},"659":{"start":{"line":660,"column":0},"end":{"line":660,"column":49}},"660":{"start":{"line":661,"column":0},"end":{"line":661,"column":28}},"661":{"start":{"line":662,"column":0},"end":{"line":662,"column":72}},"662":{"start":{"line":663,"column":0},"end":{"line":663,"column":68}},"663":{"start":{"line":664,"column":0},"end":{"line":664,"column":98}},"664":{"start":{"line":665,"column":0},"end":{"line":665,"column":79}},"665":{"start":{"line":666,"column":0},"end":{"line":666,"column":25}},"666":{"start":{"line":667,"column":0},"end":{"line":667,"column":57}},"667":{"start":{"line":668,"column":0},"end":{"line":668,"column":70}},"668":{"start":{"line":669,"column":0},"end":{"line":669,"column":21}},"669":{"start":{"line":670,"column":0},"end":{"line":670,"column":31}},"670":{"start":{"line":671,"column":0},"end":{"line":671,"column":94}},"671":{"start":{"line":672,"column":0},"end":{"line":672,"column":70}},"672":{"start":{"line":673,"column":0},"end":{"line":673,"column":21}},"673":{"start":{"line":674,"column":0},"end":{"line":674,"column":53}},"674":{"start":{"line":675,"column":0},"end":{"line":675,"column":66}},"675":{"start":{"line":676,"column":0},"end":{"line":676,"column":17}},"676":{"start":{"line":677,"column":0},"end":{"line":677,"column":15}},"677":{"start":{"line":678,"column":0},"end":{"line":678,"column":9}},"679":{"start":{"line":680,"column":0},"end":{"line":680,"column":45}},"680":{"start":{"line":681,"column":0},"end":{"line":681,"column":70}},"681":{"start":{"line":682,"column":0},"end":{"line":682,"column":77}},"682":{"start":{"line":683,"column":0},"end":{"line":683,"column":68}},"683":{"start":{"line":684,"column":0},"end":{"line":684,"column":66}},"684":{"start":{"line":685,"column":0},"end":{"line":685,"column":66}},"685":{"start":{"line":686,"column":0},"end":{"line":686,"column":71}},"687":{"start":{"line":688,"column":0},"end":{"line":688,"column":45}},"688":{"start":{"line":689,"column":0},"end":{"line":689,"column":36}},"689":{"start":{"line":690,"column":0},"end":{"line":690,"column":24}},"690":{"start":{"line":691,"column":0},"end":{"line":691,"column":54}},"691":{"start":{"line":692,"column":0},"end":{"line":692,"column":58}},"692":{"start":{"line":693,"column":0},"end":{"line":693,"column":13}},"693":{"start":{"line":694,"column":0},"end":{"line":694,"column":9}},"695":{"start":{"line":696,"column":0},"end":{"line":696,"column":38}},"696":{"start":{"line":697,"column":0},"end":{"line":697,"column":38}},"697":{"start":{"line":698,"column":0},"end":{"line":698,"column":48}},"698":{"start":{"line":699,"column":0},"end":{"line":699,"column":61}},"699":{"start":{"line":700,"column":0},"end":{"line":700,"column":9}},"701":{"start":{"line":702,"column":0},"end":{"line":702,"column":43}},"702":{"start":{"line":703,"column":0},"end":{"line":703,"column":54}},"703":{"start":{"line":704,"column":0},"end":{"line":704,"column":65}},"704":{"start":{"line":705,"column":0},"end":{"line":705,"column":33}},"705":{"start":{"line":706,"column":0},"end":{"line":706,"column":90}},"706":{"start":{"line":707,"column":0},"end":{"line":707,"column":90}},"707":{"start":{"line":708,"column":0},"end":{"line":708,"column":17}},"708":{"start":{"line":709,"column":0},"end":{"line":709,"column":23}},"709":{"start":{"line":710,"column":0},"end":{"line":710,"column":13}},"711":{"start":{"line":712,"column":0},"end":{"line":712,"column":48}},"712":{"start":{"line":713,"column":0},"end":{"line":713,"column":62}},"713":{"start":{"line":714,"column":0},"end":{"line":714,"column":96}},"715":{"start":{"line":716,"column":0},"end":{"line":716,"column":47}},"716":{"start":{"line":717,"column":0},"end":{"line":717,"column":31}},"717":{"start":{"line":718,"column":0},"end":{"line":718,"column":68}},"719":{"start":{"line":720,"column":0},"end":{"line":720,"column":17}},"720":{"start":{"line":721,"column":0},"end":{"line":721,"column":101}},"721":{"start":{"line":722,"column":0},"end":{"line":722,"column":30}},"722":{"start":{"line":723,"column":0},"end":{"line":723,"column":107}},"723":{"start":{"line":724,"column":0},"end":{"line":724,"column":27}},"724":{"start":{"line":725,"column":0},"end":{"line":725,"column":17}},"725":{"start":{"line":726,"column":0},"end":{"line":726,"column":51}},"726":{"start":{"line":727,"column":0},"end":{"line":727,"column":59}},"727":{"start":{"line":728,"column":0},"end":{"line":728,"column":110}},"728":{"start":{"line":729,"column":0},"end":{"line":729,"column":27}},"729":{"start":{"line":730,"column":0},"end":{"line":730,"column":17}},"731":{"start":{"line":732,"column":0},"end":{"line":732,"column":43}},"732":{"start":{"line":733,"column":0},"end":{"line":733,"column":49}},"733":{"start":{"line":734,"column":0},"end":{"line":734,"column":63}},"734":{"start":{"line":735,"column":0},"end":{"line":735,"column":52}},"736":{"start":{"line":737,"column":0},"end":{"line":737,"column":129}},"737":{"start":{"line":738,"column":0},"end":{"line":738,"column":40}},"738":{"start":{"line":739,"column":0},"end":{"line":739,"column":39}},"739":{"start":{"line":740,"column":0},"end":{"line":740,"column":39}},"740":{"start":{"line":741,"column":0},"end":{"line":741,"column":40}},"741":{"start":{"line":742,"column":0},"end":{"line":742,"column":42}},"742":{"start":{"line":743,"column":0},"end":{"line":743,"column":40}},"744":{"start":{"line":745,"column":0},"end":{"line":745,"column":111}},"746":{"start":{"line":747,"column":0},"end":{"line":747,"column":38}},"747":{"start":{"line":748,"column":0},"end":{"line":748,"column":57}},"748":{"start":{"line":749,"column":0},"end":{"line":749,"column":64}},"749":{"start":{"line":750,"column":0},"end":{"line":750,"column":102}},"750":{"start":{"line":751,"column":0},"end":{"line":751,"column":81}},"751":{"start":{"line":752,"column":0},"end":{"line":752,"column":34}},"752":{"start":{"line":753,"column":0},"end":{"line":753,"column":59}},"753":{"start":{"line":754,"column":0},"end":{"line":754,"column":112}},"754":{"start":{"line":755,"column":0},"end":{"line":755,"column":43}},"755":{"start":{"line":756,"column":0},"end":{"line":756,"column":34}},"756":{"start":{"line":757,"column":0},"end":{"line":757,"column":30}},"757":{"start":{"line":758,"column":0},"end":{"line":758,"column":58}},"758":{"start":{"line":759,"column":0},"end":{"line":759,"column":135}},"759":{"start":{"line":760,"column":0},"end":{"line":760,"column":134}},"760":{"start":{"line":761,"column":0},"end":{"line":761,"column":30}},"761":{"start":{"line":762,"column":0},"end":{"line":762,"column":22}},"763":{"start":{"line":764,"column":0},"end":{"line":764,"column":74}},"764":{"start":{"line":765,"column":0},"end":{"line":765,"column":37}},"765":{"start":{"line":766,"column":0},"end":{"line":766,"column":74}},"766":{"start":{"line":767,"column":0},"end":{"line":767,"column":134}},"767":{"start":{"line":768,"column":0},"end":{"line":768,"column":152}},"768":{"start":{"line":769,"column":0},"end":{"line":769,"column":51}},"770":{"start":{"line":771,"column":0},"end":{"line":771,"column":55}},"771":{"start":{"line":772,"column":0},"end":{"line":772,"column":68}},"773":{"start":{"line":774,"column":0},"end":{"line":774,"column":33}},"774":{"start":{"line":775,"column":0},"end":{"line":775,"column":100}},"775":{"start":{"line":776,"column":0},"end":{"line":776,"column":49}},"776":{"start":{"line":777,"column":0},"end":{"line":777,"column":110}},"777":{"start":{"line":778,"column":0},"end":{"line":778,"column":85}},"778":{"start":{"line":779,"column":0},"end":{"line":779,"column":37}},"779":{"start":{"line":780,"column":0},"end":{"line":780,"column":64}},"780":{"start":{"line":781,"column":0},"end":{"line":781,"column":71}},"781":{"start":{"line":782,"column":0},"end":{"line":782,"column":43}},"782":{"start":{"line":783,"column":0},"end":{"line":783,"column":33}},"783":{"start":{"line":784,"column":0},"end":{"line":784,"column":68}},"785":{"start":{"line":786,"column":0},"end":{"line":786,"column":84}},"786":{"start":{"line":787,"column":0},"end":{"line":787,"column":98}},"788":{"start":{"line":789,"column":0},"end":{"line":789,"column":89}},"789":{"start":{"line":790,"column":0},"end":{"line":790,"column":91}},"791":{"start":{"line":792,"column":0},"end":{"line":792,"column":85}},"792":{"start":{"line":793,"column":0},"end":{"line":793,"column":86}},"794":{"start":{"line":795,"column":0},"end":{"line":795,"column":82}},"795":{"start":{"line":796,"column":0},"end":{"line":796,"column":84}},"797":{"start":{"line":798,"column":0},"end":{"line":798,"column":58}},"798":{"start":{"line":799,"column":0},"end":{"line":799,"column":71}},"799":{"start":{"line":800,"column":0},"end":{"line":800,"column":40}},"800":{"start":{"line":801,"column":0},"end":{"line":801,"column":94}},"801":{"start":{"line":802,"column":0},"end":{"line":802,"column":74}},"802":{"start":{"line":803,"column":0},"end":{"line":803,"column":117}},"803":{"start":{"line":804,"column":0},"end":{"line":804,"column":100}},"804":{"start":{"line":805,"column":0},"end":{"line":805,"column":108}},"805":{"start":{"line":806,"column":0},"end":{"line":806,"column":93}},"806":{"start":{"line":807,"column":0},"end":{"line":807,"column":33}},"808":{"start":{"line":809,"column":0},"end":{"line":809,"column":56}},"809":{"start":{"line":810,"column":0},"end":{"line":810,"column":41}},"810":{"start":{"line":811,"column":0},"end":{"line":811,"column":89}},"811":{"start":{"line":812,"column":0},"end":{"line":812,"column":114}},"812":{"start":{"line":813,"column":0},"end":{"line":813,"column":83}},"813":{"start":{"line":814,"column":0},"end":{"line":814,"column":93}},"814":{"start":{"line":815,"column":0},"end":{"line":815,"column":74}},"815":{"start":{"line":816,"column":0},"end":{"line":816,"column":41}},"816":{"start":{"line":817,"column":0},"end":{"line":817,"column":49}},"817":{"start":{"line":818,"column":0},"end":{"line":818,"column":114}},"818":{"start":{"line":819,"column":0},"end":{"line":819,"column":96}},"819":{"start":{"line":820,"column":0},"end":{"line":820,"column":41}},"820":{"start":{"line":821,"column":0},"end":{"line":821,"column":37}},"821":{"start":{"line":822,"column":0},"end":{"line":822,"column":33}},"823":{"start":{"line":824,"column":0},"end":{"line":824,"column":75}},"824":{"start":{"line":825,"column":0},"end":{"line":825,"column":47}},"825":{"start":{"line":826,"column":0},"end":{"line":826,"column":52}},"827":{"start":{"line":828,"column":0},"end":{"line":828,"column":47}},"828":{"start":{"line":829,"column":0},"end":{"line":829,"column":133}},"829":{"start":{"line":830,"column":0},"end":{"line":830,"column":69}},"830":{"start":{"line":831,"column":0},"end":{"line":831,"column":33}},"831":{"start":{"line":832,"column":0},"end":{"line":832,"column":43}},"832":{"start":{"line":833,"column":0},"end":{"line":833,"column":106}},"833":{"start":{"line":834,"column":0},"end":{"line":834,"column":93}},"834":{"start":{"line":835,"column":0},"end":{"line":835,"column":33}},"835":{"start":{"line":836,"column":0},"end":{"line":836,"column":60}},"836":{"start":{"line":837,"column":0},"end":{"line":837,"column":67}},"837":{"start":{"line":838,"column":0},"end":{"line":838,"column":29}},"838":{"start":{"line":839,"column":0},"end":{"line":839,"column":27}},"839":{"start":{"line":840,"column":0},"end":{"line":840,"column":21}},"841":{"start":{"line":842,"column":0},"end":{"line":842,"column":50}},"842":{"start":{"line":843,"column":0},"end":{"line":843,"column":19}},"843":{"start":{"line":844,"column":0},"end":{"line":844,"column":27}},"844":{"start":{"line":845,"column":0},"end":{"line":845,"column":97}},"845":{"start":{"line":846,"column":0},"end":{"line":846,"column":13}},"846":{"start":{"line":847,"column":0},"end":{"line":847,"column":9}},"848":{"start":{"line":849,"column":0},"end":{"line":849,"column":79}},"849":{"start":{"line":850,"column":0},"end":{"line":850,"column":90}},"850":{"start":{"line":851,"column":0},"end":{"line":851,"column":27}},"851":{"start":{"line":852,"column":0},"end":{"line":852,"column":59}},"852":{"start":{"line":853,"column":0},"end":{"line":853,"column":67}},"853":{"start":{"line":854,"column":0},"end":{"line":854,"column":15}},"854":{"start":{"line":855,"column":0},"end":{"line":855,"column":9}},"856":{"start":{"line":857,"column":0},"end":{"line":857,"column":51}},"857":{"start":{"line":858,"column":0},"end":{"line":858,"column":37}},"858":{"start":{"line":859,"column":0},"end":{"line":859,"column":34}},"859":{"start":{"line":860,"column":0},"end":{"line":860,"column":36}},"860":{"start":{"line":861,"column":0},"end":{"line":861,"column":13}},"861":{"start":{"line":862,"column":0},"end":{"line":862,"column":11}},"863":{"start":{"line":864,"column":0},"end":{"line":864,"column":45}},"864":{"start":{"line":865,"column":0},"end":{"line":865,"column":48}},"865":{"start":{"line":866,"column":0},"end":{"line":866,"column":59}},"867":{"start":{"line":868,"column":0},"end":{"line":868,"column":55}},"868":{"start":{"line":869,"column":0},"end":{"line":869,"column":36}},"869":{"start":{"line":870,"column":0},"end":{"line":870,"column":31}},"870":{"start":{"line":871,"column":0},"end":{"line":871,"column":98}},"871":{"start":{"line":872,"column":0},"end":{"line":872,"column":53}},"872":{"start":{"line":873,"column":0},"end":{"line":873,"column":17}},"873":{"start":{"line":874,"column":0},"end":{"line":874,"column":23}},"874":{"start":{"line":875,"column":0},"end":{"line":875,"column":13}},"876":{"start":{"line":877,"column":0},"end":{"line":877,"column":27}},"877":{"start":{"line":878,"column":0},"end":{"line":878,"column":89}},"878":{"start":{"line":879,"column":0},"end":{"line":879,"column":46}},"879":{"start":{"line":880,"column":0},"end":{"line":880,"column":13}},"881":{"start":{"line":882,"column":0},"end":{"line":882,"column":47}},"882":{"start":{"line":883,"column":0},"end":{"line":883,"column":67}},"883":{"start":{"line":884,"column":0},"end":{"line":884,"column":24}},"884":{"start":{"line":885,"column":0},"end":{"line":885,"column":61}},"885":{"start":{"line":886,"column":0},"end":{"line":886,"column":13}},"887":{"start":{"line":888,"column":0},"end":{"line":888,"column":65}},"888":{"start":{"line":889,"column":0},"end":{"line":889,"column":72}},"889":{"start":{"line":890,"column":0},"end":{"line":890,"column":70}},"890":{"start":{"line":891,"column":0},"end":{"line":891,"column":74}},"891":{"start":{"line":892,"column":0},"end":{"line":892,"column":81}},"892":{"start":{"line":893,"column":0},"end":{"line":893,"column":48}},"893":{"start":{"line":894,"column":0},"end":{"line":894,"column":37}},"894":{"start":{"line":895,"column":0},"end":{"line":895,"column":71}},"895":{"start":{"line":896,"column":0},"end":{"line":896,"column":67}},"896":{"start":{"line":897,"column":0},"end":{"line":897,"column":13}},"897":{"start":{"line":898,"column":0},"end":{"line":898,"column":93}},"898":{"start":{"line":899,"column":0},"end":{"line":899,"column":93}},"899":{"start":{"line":900,"column":0},"end":{"line":900,"column":97}},"900":{"start":{"line":901,"column":0},"end":{"line":901,"column":93}},"901":{"start":{"line":902,"column":0},"end":{"line":902,"column":87}},"902":{"start":{"line":903,"column":0},"end":{"line":903,"column":79}},"904":{"start":{"line":905,"column":0},"end":{"line":905,"column":33}},"905":{"start":{"line":906,"column":0},"end":{"line":906,"column":34}},"906":{"start":{"line":907,"column":0},"end":{"line":907,"column":34}},"907":{"start":{"line":908,"column":0},"end":{"line":908,"column":78}},"908":{"start":{"line":909,"column":0},"end":{"line":909,"column":91}},"909":{"start":{"line":910,"column":0},"end":{"line":910,"column":77}},"910":{"start":{"line":911,"column":0},"end":{"line":911,"column":83}},"911":{"start":{"line":912,"column":0},"end":{"line":912,"column":13}},"913":{"start":{"line":914,"column":0},"end":{"line":914,"column":47}},"914":{"start":{"line":915,"column":0},"end":{"line":915,"column":63}},"916":{"start":{"line":917,"column":0},"end":{"line":917,"column":29}},"917":{"start":{"line":918,"column":0},"end":{"line":918,"column":22}},"918":{"start":{"line":919,"column":0},"end":{"line":919,"column":21}},"919":{"start":{"line":920,"column":0},"end":{"line":920,"column":73}},"920":{"start":{"line":921,"column":0},"end":{"line":921,"column":28}},"921":{"start":{"line":922,"column":0},"end":{"line":922,"column":28}},"922":{"start":{"line":923,"column":0},"end":{"line":923,"column":30}},"923":{"start":{"line":924,"column":0},"end":{"line":924,"column":28}},"924":{"start":{"line":925,"column":0},"end":{"line":925,"column":25}},"925":{"start":{"line":926,"column":0},"end":{"line":926,"column":21}},"926":{"start":{"line":927,"column":0},"end":{"line":927,"column":26}},"927":{"start":{"line":928,"column":0},"end":{"line":928,"column":27}},"928":{"start":{"line":929,"column":0},"end":{"line":929,"column":26}},"929":{"start":{"line":930,"column":0},"end":{"line":930,"column":26}},"930":{"start":{"line":931,"column":0},"end":{"line":931,"column":40}},"931":{"start":{"line":932,"column":0},"end":{"line":932,"column":14}},"933":{"start":{"line":934,"column":0},"end":{"line":934,"column":17}},"934":{"start":{"line":935,"column":0},"end":{"line":935,"column":24}},"935":{"start":{"line":936,"column":0},"end":{"line":936,"column":36}},"936":{"start":{"line":937,"column":0},"end":{"line":937,"column":72}},"937":{"start":{"line":938,"column":0},"end":{"line":938,"column":38}},"938":{"start":{"line":939,"column":0},"end":{"line":939,"column":41}},"939":{"start":{"line":940,"column":0},"end":{"line":940,"column":54}},"940":{"start":{"line":941,"column":0},"end":{"line":941,"column":23}},"941":{"start":{"line":942,"column":0},"end":{"line":942,"column":24}},"942":{"start":{"line":943,"column":0},"end":{"line":943,"column":55}},"943":{"start":{"line":944,"column":0},"end":{"line":944,"column":39}},"944":{"start":{"line":945,"column":0},"end":{"line":945,"column":41}},"945":{"start":{"line":946,"column":0},"end":{"line":946,"column":67}},"946":{"start":{"line":947,"column":0},"end":{"line":947,"column":23}},"947":{"start":{"line":948,"column":0},"end":{"line":948,"column":17}},"949":{"start":{"line":950,"column":0},"end":{"line":950,"column":46}},"950":{"start":{"line":951,"column":0},"end":{"line":951,"column":29}},"951":{"start":{"line":952,"column":0},"end":{"line":952,"column":36}},"952":{"start":{"line":953,"column":0},"end":{"line":953,"column":65}},"953":{"start":{"line":954,"column":0},"end":{"line":954,"column":49}},"954":{"start":{"line":955,"column":0},"end":{"line":955,"column":109}},"955":{"start":{"line":956,"column":0},"end":{"line":956,"column":94}},"956":{"start":{"line":957,"column":0},"end":{"line":957,"column":25}},"957":{"start":{"line":958,"column":0},"end":{"line":958,"column":82}},"958":{"start":{"line":959,"column":0},"end":{"line":959,"column":21}},"960":{"start":{"line":961,"column":0},"end":{"line":961,"column":45}},"961":{"start":{"line":962,"column":0},"end":{"line":962,"column":64}},"962":{"start":{"line":963,"column":0},"end":{"line":963,"column":21}},"964":{"start":{"line":965,"column":0},"end":{"line":965,"column":35}},"965":{"start":{"line":966,"column":0},"end":{"line":966,"column":42}},"966":{"start":{"line":967,"column":0},"end":{"line":967,"column":104}},"967":{"start":{"line":968,"column":0},"end":{"line":968,"column":61}},"968":{"start":{"line":969,"column":0},"end":{"line":969,"column":32}},"969":{"start":{"line":970,"column":0},"end":{"line":970,"column":82}},"970":{"start":{"line":971,"column":0},"end":{"line":971,"column":61}},"971":{"start":{"line":972,"column":0},"end":{"line":972,"column":80}},"972":{"start":{"line":973,"column":0},"end":{"line":973,"column":82}},"973":{"start":{"line":974,"column":0},"end":{"line":974,"column":25}},"974":{"start":{"line":975,"column":0},"end":{"line":975,"column":21}},"975":{"start":{"line":976,"column":0},"end":{"line":976,"column":24}},"976":{"start":{"line":977,"column":0},"end":{"line":977,"column":35}},"977":{"start":{"line":978,"column":0},"end":{"line":978,"column":92}},"978":{"start":{"line":979,"column":0},"end":{"line":979,"column":57}},"979":{"start":{"line":980,"column":0},"end":{"line":980,"column":21}},"980":{"start":{"line":981,"column":0},"end":{"line":981,"column":17}},"981":{"start":{"line":982,"column":0},"end":{"line":982,"column":27}},"982":{"start":{"line":983,"column":0},"end":{"line":983,"column":31}},"983":{"start":{"line":984,"column":0},"end":{"line":984,"column":72}},"984":{"start":{"line":985,"column":0},"end":{"line":985,"column":53}},"985":{"start":{"line":986,"column":0},"end":{"line":986,"column":17}},"986":{"start":{"line":987,"column":0},"end":{"line":987,"column":13}},"987":{"start":{"line":988,"column":0},"end":{"line":988,"column":9}},"989":{"start":{"line":990,"column":0},"end":{"line":990,"column":19}},"990":{"start":{"line":991,"column":0},"end":{"line":991,"column":58}},"991":{"start":{"line":992,"column":0},"end":{"line":992,"column":35}},"992":{"start":{"line":993,"column":0},"end":{"line":993,"column":54}},"993":{"start":{"line":994,"column":0},"end":{"line":994,"column":15}},"994":{"start":{"line":995,"column":0},"end":{"line":995,"column":9}},"996":{"start":{"line":997,"column":0},"end":{"line":997,"column":27}},"997":{"start":{"line":998,"column":0},"end":{"line":998,"column":65}},"998":{"start":{"line":999,"column":0},"end":{"line":999,"column":35}},"999":{"start":{"line":1000,"column":0},"end":{"line":1000,"column":53}},"1000":{"start":{"line":1001,"column":0},"end":{"line":1001,"column":15}},"1001":{"start":{"line":1002,"column":0},"end":{"line":1002,"column":9}},"1003":{"start":{"line":1004,"column":0},"end":{"line":1004,"column":59}},"1004":{"start":{"line":1005,"column":0},"end":{"line":1005,"column":67}},"1005":{"start":{"line":1006,"column":0},"end":{"line":1006,"column":70}},"1006":{"start":{"line":1007,"column":0},"end":{"line":1007,"column":71}},"1007":{"start":{"line":1008,"column":0},"end":{"line":1008,"column":73}},"1008":{"start":{"line":1009,"column":0},"end":{"line":1009,"column":69}},"1010":{"start":{"line":1011,"column":0},"end":{"line":1011,"column":38}},"1011":{"start":{"line":1012,"column":0},"end":{"line":1012,"column":59}},"1012":{"start":{"line":1013,"column":0},"end":{"line":1013,"column":49}},"1013":{"start":{"line":1014,"column":0},"end":{"line":1014,"column":23}},"1014":{"start":{"line":1015,"column":0},"end":{"line":1015,"column":121}},"1015":{"start":{"line":1016,"column":0},"end":{"line":1016,"column":55}},"1016":{"start":{"line":1017,"column":0},"end":{"line":1017,"column":58}},"1017":{"start":{"line":1018,"column":0},"end":{"line":1018,"column":28}},"1018":{"start":{"line":1019,"column":0},"end":{"line":1019,"column":13}},"1019":{"start":{"line":1020,"column":0},"end":{"line":1020,"column":17}},"1020":{"start":{"line":1021,"column":0},"end":{"line":1021,"column":32}},"1021":{"start":{"line":1022,"column":0},"end":{"line":1022,"column":61}},"1022":{"start":{"line":1023,"column":0},"end":{"line":1023,"column":64}},"1023":{"start":{"line":1024,"column":0},"end":{"line":1024,"column":58}},"1024":{"start":{"line":1025,"column":0},"end":{"line":1025,"column":28}},"1025":{"start":{"line":1026,"column":0},"end":{"line":1026,"column":27}},"1026":{"start":{"line":1027,"column":0},"end":{"line":1027,"column":76}},"1027":{"start":{"line":1028,"column":0},"end":{"line":1028,"column":64}},"1028":{"start":{"line":1029,"column":0},"end":{"line":1029,"column":55}},"1029":{"start":{"line":1030,"column":0},"end":{"line":1030,"column":29}},"1030":{"start":{"line":1031,"column":0},"end":{"line":1031,"column":13}},"1031":{"start":{"line":1032,"column":0},"end":{"line":1032,"column":10}},"1033":{"start":{"line":1034,"column":0},"end":{"line":1034,"column":26}},"1034":{"start":{"line":1035,"column":0},"end":{"line":1035,"column":72}},"1035":{"start":{"line":1036,"column":0},"end":{"line":1036,"column":43}},"1036":{"start":{"line":1037,"column":0},"end":{"line":1037,"column":21}},"1037":{"start":{"line":1038,"column":0},"end":{"line":1038,"column":95}},"1038":{"start":{"line":1039,"column":0},"end":{"line":1039,"column":31}},"1039":{"start":{"line":1040,"column":0},"end":{"line":1040,"column":13}},"1040":{"start":{"line":1041,"column":0},"end":{"line":1041,"column":29}},"1041":{"start":{"line":1042,"column":0},"end":{"line":1042,"column":66}},"1043":{"start":{"line":1044,"column":0},"end":{"line":1044,"column":66}},"1044":{"start":{"line":1045,"column":0},"end":{"line":1045,"column":60}},"1045":{"start":{"line":1046,"column":0},"end":{"line":1046,"column":38}},"1046":{"start":{"line":1047,"column":0},"end":{"line":1047,"column":39}},"1047":{"start":{"line":1048,"column":0},"end":{"line":1048,"column":61}},"1048":{"start":{"line":1049,"column":0},"end":{"line":1049,"column":57}},"1049":{"start":{"line":1050,"column":0},"end":{"line":1050,"column":120}},"1050":{"start":{"line":1051,"column":0},"end":{"line":1051,"column":86}},"1051":{"start":{"line":1052,"column":0},"end":{"line":1052,"column":37}},"1052":{"start":{"line":1053,"column":0},"end":{"line":1053,"column":17}},"1053":{"start":{"line":1054,"column":0},"end":{"line":1054,"column":15}},"1054":{"start":{"line":1055,"column":0},"end":{"line":1055,"column":9}},"1056":{"start":{"line":1057,"column":0},"end":{"line":1057,"column":52}},"1057":{"start":{"line":1058,"column":0},"end":{"line":1058,"column":49}},"1058":{"start":{"line":1059,"column":0},"end":{"line":1059,"column":29}},"1059":{"start":{"line":1060,"column":0},"end":{"line":1060,"column":17}},"1060":{"start":{"line":1061,"column":0},"end":{"line":1061,"column":77}},"1061":{"start":{"line":1062,"column":0},"end":{"line":1062,"column":33}},"1062":{"start":{"line":1063,"column":0},"end":{"line":1063,"column":25}},"1063":{"start":{"line":1064,"column":0},"end":{"line":1064,"column":33}},"1064":{"start":{"line":1065,"column":0},"end":{"line":1065,"column":13}},"1065":{"start":{"line":1066,"column":0},"end":{"line":1066,"column":11}},"1067":{"start":{"line":1068,"column":0},"end":{"line":1068,"column":53}},"1068":{"start":{"line":1069,"column":0},"end":{"line":1069,"column":82}},"1069":{"start":{"line":1070,"column":0},"end":{"line":1070,"column":77}},"1070":{"start":{"line":1071,"column":0},"end":{"line":1071,"column":78}},"1071":{"start":{"line":1072,"column":0},"end":{"line":1072,"column":74}},"1073":{"start":{"line":1074,"column":0},"end":{"line":1074,"column":33}},"1074":{"start":{"line":1075,"column":0},"end":{"line":1075,"column":49}},"1075":{"start":{"line":1076,"column":0},"end":{"line":1076,"column":69}},"1076":{"start":{"line":1077,"column":0},"end":{"line":1077,"column":34}},"1077":{"start":{"line":1078,"column":0},"end":{"line":1078,"column":57}},"1078":{"start":{"line":1079,"column":0},"end":{"line":1079,"column":52}},"1079":{"start":{"line":1080,"column":0},"end":{"line":1080,"column":14}},"1080":{"start":{"line":1081,"column":0},"end":{"line":1081,"column":69}},"1081":{"start":{"line":1082,"column":0},"end":{"line":1082,"column":29}},"1082":{"start":{"line":1083,"column":0},"end":{"line":1083,"col
[...]
2,"loc":{"start":{"line":702,"column":8},"end":{"line":847,"column":9}},"locations":[{"start":{"line":702,"column":8},"end":{"line":847,"column":9}}]},"71":{"type":"branch","line":703,"loc":{"start":{"line":703,"column":47},"end":{"line":703,"column":54}},"locations":[{"start":{"line":703,"column":47},"end":{"line":703,"column":54}}]},"72":{"type":"branch","line":704,"loc":{"start":{"line":704,"column":60},"end":{"line":704,"column":64}},"locations":[{"start":{"line":704,"column":60},"end":{"line":704,"column":64}}]},"73":{"type":"branch","line":705,"loc":{"start":{"line":705,"column":32},"end":{"line":710,"column":13}},"locations":[{"start":{"line":705,"column":32},"end":{"line":710,"column":13}}]},"74":{"type":"branch","line":718,"loc":{"start":{"line":718,"column":23},"end":{"line":718,"column":68}},"locations":[{"start":{"line":718,"column":23},"end":{"line":718,"column":68}}]},"75":{"type":"branch","line":722,"loc":{"start":{"line":722,"column":29},"end":{"line":725,"column":17}},"locations":[{"start":{"line":722,"column":29},"end":{"line":725,"column":17}}]},"76":{"type":"branch","line":727,"loc":{"start":{"line":727,"column":58},"end":{"line":730,"column":17}},"locations":[{"start":{"line":727,"column":58},"end":{"line":730,"column":17}}]},"77":{"type":"branch","line":844,"loc":{"start":{"line":844,"column":14},"end":{"line":846,"column":13}},"locations":[{"start":{"line":844,"column":14},"end":{"line":846,"column":13}}]},"78":{"type":"branch","line":733,"loc":{"start":{"line":733,"column":34},"end":{"line":843,"column":17}},"locations":[{"start":{"line":733,"column":34},"end":{"line":843,"column":17}}]},"79":{"type":"branch","line":743,"loc":{"start":{"line":743,"column":23},"end":{"line":743,"column":39}},"locations":[{"start":{"line":743,"column":23},"end":{"line":743,"column":39}}]},"80":{"type":"branch","line":745,"loc":{"start":{"line":745,"column":106},"end":{"line":745,"column":110}},"locations":[{"start":{"line":745,"column":106},"end":{"line":745,"column":110}}]},"81":{"type":"branch","line":750,"loc":{"start":{"line":750,"column":79},"end":{"line":750,"column":92}},"locations":[{"start":{"line":750,"column":79},"end":{"line":750,"column":92}}]},"82":{"type":"branch","line":754,"loc":{"start":{"line":754,"column":100},"end":{"line":754,"column":104}},"locations":[{"start":{"line":754,"column":100},"end":{"line":754,"column":104}}]},"83":{"type":"branch","line":766,"loc":{"start":{"line":766,"column":61},"end":{"line":839,"column":25}},"locations":[{"start":{"line":766,"column":61},"end":{"line":839,"column":25}}]},"84":{"type":"branch","line":768,"loc":{"start":{"line":768,"column":116},"end":{"line":768,"column":144}},"locations":[{"start":{"line":768,"column":116},"end":{"line":768,"column":144}}]},"85":{"type":"branch","line":769,"loc":{"start":{"line":769,"column":44},"end":{"line":769,"column":51}},"locations":[{"start":{"line":769,"column":44},"end":{"line":769,"column":51}}]},"86":{"type":"branch","line":776,"loc":{"start":{"line":776,"column":48},"end":{"line":783,"column":33}},"locations":[{"start":{"line":776,"column":48},"end":{"line":783,"column":33}}]},"87":{"type":"branch","line":790,"loc":{"start":{"line":790,"column":85},"end":{"line":790,"column":90}},"locations":[{"start":{"line":790,"column":85},"end":{"line":790,"column":90}}]},"88":{"type":"branch","line":793,"loc":{"start":{"line":793,"column":80},"end":{"line":793,"column":85}},"locations":[{"start":{"line":793,"column":80},"end":{"line":793,"column":85}}]},"89":{"type":"branch","line":796,"loc":{"start":{"line":796,"column":78},"end":{"line":796,"column":83}},"locations":[{"start":{"line":796,"column":78},"end":{"line":796,"column":83}}]},"90":{"type":"branch","line":798,"loc":{"start":{"line":798,"column":57},"end":{"line":800,"column":33}},"locations":[{"start":{"line":798,"column":57},"end":{"line":800,"column":33}}]},"91":{"type":"branch","line":814,"loc":{"start":{"line":814,"column":41},"end":{"line":816,"column":41}},"locations":[{"start":{"line":814,"column":41},"end":{"line":816,"column":41}}]},"92":{"type":"branch","line":817,"loc":{"start":{"line":817,"column":38},"end":{"line":821,"column":37}},"locations":[{"start":{"line":817,"column":38},"end":{"line":821,"column":37}}]},"93":{"type":"branch","line":832,"loc":{"start":{"line":832,"column":30},"end":{"line":838,"column":29}},"locations":[{"start":{"line":832,"column":30},"end":{"line":838,"column":29}}]},"94":{"type":"branch","line":852,"loc":{"start":{"line":852,"column":51},"end":{"line":854,"column":13}},"locations":[{"start":{"line":852,"column":51},"end":{"line":854,"column":13}}]},"95":{"type":"branch","line":853,"loc":{"start":{"line":853,"column":47},"end":{"line":853,"column":67}},"locations":[{"start":{"line":853,"column":47},"end":{"line":853,"column":67}}]},"96":{"type":"branch","line":865,"loc":{"start":{"line":865,"column":8},"end":{"line":988,"column":9}},"locations":[{"start":{"line":865,"column":8},"end":{"line":988,"column":9}}]},"97":{"type":"branch","line":869,"loc":{"start":{"line":869,"column":35},"end":{"line":884,"column":23}},"locations":[{"start":{"line":869,"column":35},"end":{"line":884,"column":23}}]},"98":{"type":"branch","line":878,"loc":{"start":{"line":878,"column":71},"end":{"line":878,"column":88}},"locations":[{"start":{"line":878,"column":71},"end":{"line":878,"column":88}}]},"99":{"type":"branch","line":884,"loc":{"start":{"line":884,"column":23},"end":{"line":886,"column":13}},"locations":[{"start":{"line":884,"column":23},"end":{"line":886,"column":13}}]},"100":{"type":"branch","line":886,"loc":{"start":{"line":886,"column":12},"end":{"line":888,"column":59}},"locations":[{"start":{"line":886,"column":12},"end":{"line":888,"column":59}}]},"101":{"type":"branch","line":888,"loc":{"start":{"line":888,"column":60},"end":{"line":888,"column":64}},"locations":[{"start":{"line":888,"column":60},"end":{"line":888,"column":64}}]},"102":{"type":"branch","line":889,"loc":{"start":{"line":889,"column":58},"end":{"line":889,"column":65}},"locations":[{"start":{"line":889,"column":58},"end":{"line":889,"column":65}}]},"103":{"type":"branch","line":889,"loc":{"start":{"line":889,"column":66},"end":{"line":889,"column":71}},"locations":[{"start":{"line":889,"column":66},"end":{"line":889,"column":71}}]},"104":{"type":"branch","line":890,"loc":{"start":{"line":890,"column":56},"end":{"line":890,"column":63}},"locations":[{"start":{"line":890,"column":56},"end":{"line":890,"column":63}}]},"105":{"type":"branch","line":890,"loc":{"start":{"line":890,"column":64},"end":{"line":890,"column":69}},"locations":[{"start":{"line":890,"column":64},"end":{"line":890,"column":69}}]},"106":{"type":"branch","line":891,"loc":{"start":{"line":891,"column":56},"end":{"line":891,"column":63}},"locations":[{"start":{"line":891,"column":56},"end":{"line":891,"column":63}}]},"107":{"type":"branch","line":891,"loc":{"start":{"line":891,"column":64},"end":{"line":891,"column":73}},"locations":[{"start":{"line":891,"column":64},"end":{"line":891,"column":73}}]},"108":{"type":"branch","line":892,"loc":{"start":{"line":892,"column":58},"end":{"line":892,"column":65}},"locations":[{"start":{"line":892,"column":58},"end":{"line":892,"column":65}}]},"109":{"type":"branch","line":892,"loc":{"start":{"line":892,"column":66},"end":{"line":892,"column":80}},"locations":[{"start":{"line":892,"column":66},"end":{"line":892,"column":80}}]},"110":{"type":"branch","line":893,"loc":{"start":{"line":893,"column":29},"end":{"line":893,"column":45}},"locations":[{"start":{"line":893,"column":29},"end":{"line":893,"column":45}}]},"111":{"type":"branch","line":893,"loc":{"start":{"line":893,"column":47},"end":{"line":897,"column":13}},"locations":[{"start":{"line":893,"column":47},"end":{"line":897,"column":13}}]},"112":{"type":"branch","line":897,"loc":{"start":{"line":897,"column":12},"end":{"line":898,"column":77}},"locations":[{"start":{"line":897,"column":12},"end":{"line":898,"column":77}}]},"113":{"type":"branch","line":898,"loc":{"start":{"line":898,"column":85},"end":{"line":898,"column":92}},"locations":[{"start":{"line":898,"column":85},"end":{"line":898,"column":92}}]},"114":{"type":"branch","line":899,"loc":{"start":{"line":899,"column":70},"end":{"line":899,"column":77}},"locations":[{"start":{"line":899,"column":70},"end":{"line":899,"column":77}}]},"115":{"type":"branch","line":899,"loc":{"start":{"line":899,"column":85},"end":{"line":899,"column":92}},"locations":[{"start":{"line":899,"column":85},"end":{"line":899,"column":92}}]},"116":{"type":"branch","line":900,"loc":{"start":{"line":900,"column":74},"end":{"line":900,"column":81}},"locations":[{"start":{"line":900,"column":74},"end":{"line":900,"column":81}}]},"117":{"type":"branch","line":900,"loc":{"start":{"line":900,"column":89},"end":{"line":900,"column":96}},"locations":[{"start":{"line":900,"column":89},"end":{"line":900,"column":96}}]},"118":{"type":"branch","line":901,"loc":{"start":{"line":901,"column":70},"end":{"line":901,"column":77}},"locations":[{"start":{"line":901,"column":70},"end":{"line":901,"column":77}}]},"119":{"type":"branch","line":901,"loc":{"start":{"line":901,"column":85},"end":{"line":901,"column":92}},"locations":[{"start":{"line":901,"column":85},"end":{"line":901,"column":92}}]},"120":{"type":"branch","line":902,"loc":{"start":{"line":902,"column":64},"end":{"line":902,"column":71}},"locations":[{"start":{"line":902,"column":64},"end":{"line":902,"column":71}}]},"121":{"type":"branch","line":902,"loc":{"start":{"line":902,"column":79},"end":{"line":902,"column":86}},"locations":[{"start":{"line":902,"column":79},"end":{"line":902,"column":86}}]},"122":{"type":"branch","line":903,"loc":{"start":{"line":903,"column":56},"end":{"line":903,"column":63}},"locations":[{"start":{"line":903,"column":56},"end":{"line":903,"column":63}}]},"123":{"type":"branch","line":903,"loc":{"start":{"line":903,"column":71},"end":{"line":903,"column":78}},"locations":[{"start":{"line":903,"column":71},"end":{"line":903,"column":78}}]},"124":{"type":"branch","line":907,"loc":{"start":{"line":907,"column":33},"end":{"line":912,"column":13}},"locations":[{"start":{"line":907,"column":33},"end":{"line":912,"column":13}}]},"125":{"type":"branch","line":912,"loc":{"start":{"line":912,"column":12},"end":{"line":920,"column":53}},"locations":[{"start":{"line":912,"column":12},"end":{"line":920,"column":53}}]},"126":{"type":"branch","line":920,"loc":{"start":{"line":920,"column":54},"end":{"line":920,"column":63}},"locations":[{"start":{"line":920,"column":54},"end":{"line":920,"column":63}}]},"127":{"type":"branch","line":920,"loc":{"start":{"line":920,"column":64},"end":{"line":920,"column":72}},"locations":[{"start":{"line":920,"column":64},"end":{"line":920,"column":72}}]},"128":{"type":"branch","line":936,"loc":{"start":{"line":936,"column":35},"end":{"line":942,"column":17}},"locations":[{"start":{"line":936,"column":35},"end":{"line":942,"column":17}}]},"129":{"type":"branch","line":942,"loc":{"start":{"line":942,"column":17},"end":{"line":948,"column":17}},"locations":[{"start":{"line":942,"column":17},"end":{"line":948,"column":17}}]},"130":{"type":"branch","line":948,"loc":{"start":{"line":948,"column":16},"end":{"line":976,"column":17}},"locations":[{"start":{"line":948,"column":16},"end":{"line":976,"column":17}}]},"131":{"type":"branch","line":953,"loc":{"start":{"line":953,"column":64},"end":{"line":959,"column":21}},"locations":[{"start":{"line":953,"column":64},"end":{"line":959,"column":21}}]},"132":{"type":"branch","line":969,"loc":{"start":{"line":969,"column":25},"end":{"line":974,"column":25}},"locations":[{"start":{"line":969,"column":25},"end":{"line":974,"column":25}}]},"133":{"type":"branch","line":976,"loc":{"start":{"line":976,"column":17},"end":{"line":981,"column":17}},"locations":[{"start":{"line":976,"column":17},"end":{"line":981,"column":17}}]},"134":{"type":"branch","line":982,"loc":{"start":{"line":982,"column":14},"end":{"line":987,"column":13}},"locations":[{"start":{"line":982,"column":14},"end":{"line":987,"column":13}}]},"135":{"type":"branch","line":991,"loc":{"start":{"line":991,"column":44},"end":{"line":994,"column":13}},"locations":[{"start":{"line":991,"column":44},"end":{"line":994,"column":13}}]},"136":{"type":"branch","line":998,"loc":{"start":{"line":998,"column":51},"end":{"line":1001,"column":13}},"locations":[{"start":{"line":998,"column":51},"end":{"line":1001,"column":13}}]},"137":{"type":"branch","line":1011,"loc":{"start":{"line":1011,"column":31},"end":{"line":1032,"column":9}},"locations":[{"start":{"line":1011,"column":31},"end":{"line":1032,"column":9}}]},"138":{"type":"branch","line":1012,"loc":{"start":{"line":1012,"column":47},"end":{"line":1012,"column":59}},"locations":[{"start":{"line":1012,"column":47},"end":{"line":1012,"column":59}}]},"139":{"type":"branch","line":1014,"loc":{"start":{"line":1014,"column":22},"end":{"line":1019,"column":13}},"locations":[{"start":{"line":1014,"column":22},"end":{"line":1019,"column":13}}]},"140":{"type":"branch","line":1019,"loc":{"start":{"line":1019,"column":12},"end":{"line":1026,"column":14}},"locations":[{"start":{"line":1019,"column":12},"end":{"line":1026,"column":14}}]},"141":{"type":"branch","line":1026,"loc":{"start":{"line":1026,"column":14},"end":{"line":1031,"column":13}},"locations":[{"start":{"line":1026,"column":14},"end":{"line":1031,"column":13}}]},"142":{"type":"branch","line":1057,"loc":{"start":{"line":1057,"column":45},"end":{"line":1066,"column":9}},"locations":[{"start":{"line":1057,"column":45},"end":{"line":1066,"column":9}}]},"143":{"type":"branch","line":1059,"loc":{"start":{"line":1059,"column":22},"end":{"line":1059,"column":29}},"locations":[{"start":{"line":1059,"column":22},"end":{"line":1059,"column":29}}]},"144":{"type":"branch","line":1063,"loc":{"start":{"line":1063,"column":14},"end":{"line":1065,"column":13}},"locations":[{"start":{"line":1063,"column":14},"end":{"line":1065,"column":13}}]},"145":{"type":"branch","line":1068,"loc":{"start":{"line":1068,"column":46},"end":{"line":1083,"column":9}},"locations":[{"start":{"line":1068,"column":46},"end":{"line":1083,"column":9}}]},"146":{"type":"branch","line":1069,"loc":{"start":{"line":1069,"column":66},"end":{"line":1069,"column":81}},"locations":[{"start":{"line":1069,"column":66},"end":{"line":1069,"column":81}}]},"147":{"type":"branch","line":1072,"loc":{"start":{"line":1072,"column":64},"end":{"line":1072,"column":73}},"locations":[{"start":{"line":1072,"column":64},"end":{"line":1072,"column":73}}]},"148":{"type":"branch","line":1076,"loc":{"start":{"line":1076,"column":57},"end":{"line":1076,"column":68}},"locations":[{"start":{"line":1076,"column":57},"end":{"line":1076,"column":68}}]},"149":{"type":"branch","line":1078,"loc":{"start":{"line":1078,"column":25},"end":{"line":1078,"column":50}},"locations":[{"start":{"line":1078,"column":25},"end":{"line":1078,"column":50}}]},"150":{"type":"branch","line":1079,"loc":{"start":{"line":1079,"column":26},"end":{"line":1079,"column":46}},"locations":[{"start":{"line":1079,"column":26},"end":{"line":1079,"column":46}}]}},"b":{"0":[16],"1":[0],"2":[16],"3":[0],"4":[0],"5":[0],"6":[0],"7":[0],"8":[6],"9":[0],"10":[0],"11":[2],"12":[1],"13":[0],"14":[1],"15":[0],"16":[1],"17":[0],"18":[1],"19":[0],"20":[1],"21":[0],"22":[1],"23":[0],"24":[1],"25":[1],"26":[0],"27":[1],"28":[32],"29":[32],"30":[2],"31":[0],"32":[0],"33":[0],"34":[0],"35":[0],"36":[0],"37":[1],"38":[0],"39":[0],"40":[1],"41":[0],"42":[1],"43":[1],"44":[1],"45":[0],"46":[1],"47":[192],"48":[5],"49":[5],"50":[21],"51":[3],"52":[18],"53":[5],"54":[2],"55":[1],"56":[0],"57":[0],"58":[4],"59":[1],"60":[0],"61":[0],"62":[0],"63":[0],"64":[0],"65":[0],"66":[2],"67":[0],"68":[2],"69":[0],"70":[2],"71":[0],"72":[0],"73":[0],"74":[0],"75":[0],"76":[0],"77":[0],"78":[2],"79":[0],"80":[0],"81":[0],"82":[0],"83":[1],"84":[0],"85":[0],"86":[0],"87":[0],"88":[0],"89":[0],"90":[0],"91":[0],"92":[0],"93":[0],"94":[2],"95":[0],"96":[2],"97":[1],"98":[0],"99":[0],"100":[1],"101":[0],"102":[1],"103":[0],"104":[1],"105":[1],"106":[1],"107":[0],"108":[1],"109":[0],"110":[0],"111":[0],"112":[1],"113":[1],"114":[1],"115":[1],"116":[1],"117":[1],"118":[1],"119":[1],"120":[1],"121":[1],"122":[1],"123":[1],"124":[0],"125":[1],"126":[0],"127":[1],"128":[1],"129":[0],"130":[1],"131":[0],"132":[0],"133":[0],"134":[0],"135":[1],"136":[1],"137":[23],"138":[0],"139":[17],"140":[6],"141":[3],"142":[1],"143":[0],"144":[0],"145":[1],"146":[0],"147":[0],"148":[0],"149":[0],"150":[0]},"fnMap":{"0":{"name":"initEditor","decl":{"start":{"line":6,"column":7},"end":{"line":1098,"column":1}},"loc":{"start":{"line":6,"column":7},"end":{"line":1098,"column":1}},"line":6},"1":{"name":"setup","decl":{"start":{"line":16,"column":18},"end":{"line":1090,"column":5}},"loc":{"start":{"line":16,"column":18},"end":{"line":1090,"column":5}},"line":16},"2":{"name":"getAuthToken","decl":{"start":{"line":53,"column":29},"end":{"line":57,"column":9}},"loc":{"start":{"line":53,"column":29},"end":{"line":57,"column":9}},"line":53},"3":{"name":"resizeImage","decl":{"start":{"line":87,"column":8},"end":{"line":118,"column":9}},"loc":{"start":{"line":87,"column":8},"end":{"line":118,"column":9}},"line":87},"4":{"name":"uploadMedia","decl":{"start":{"line":120,"column":8},"end":{"line":136,"column":9}},"loc":{"start":{"line":120,"column":8},"end":{"line":136,"column":9}},"line":120},"5":{"name":"optimizeAndUpload","decl":{"start":{"line":138,"column":8},"end":{"line":142,"column":9}},"loc":{"start":{"line":138,"column":8},"end":{"line":142,"column":9}},"line":138},"6":{"name":"setCoverImage","decl":{"start":{"line":178,"column":8},"end":{"line":189,"column":9}},"loc":{"start":{"line":178,"column":8},"end":{"line":189,"column":9}},"line":178},"7":{"name":"handleCoverFileUpload","decl":{"start":{"line":191,"column":8},"end":{"line":201,"column":9}},"loc":{"start":{"line":191,"column":8},"end":{"line":201,"column":9}},"line":191},"8":{"name":"fetchMediaList","decl":{"start":{"line":270,"column":8},"end":{"line":388,"column":9}},"loc":{"start":{"line":270,"column":8},"end":{"line":388,"column":9}},"line":270},"9":{"name":"openMediaPicker","decl":{"start":{"line":390,"column":8},"end":{"line":398,"column":9}},"loc":{"start":{"line":390,"column":8},"end":{"line":398,"column":9}},"line":390},"10":{"name":"closeMediaModal","decl":{"start":{"line":400,"column":8},"end":{"line":405,"column":9}},"loc":{"start":{"line":400,"column":8},"end":{"line":405,"column":9}},"line":400},"11":{"name":"onSelect","decl":{"start":{"line":524,"column":30},"end":{"line":526,"column":21}},"loc":{"start":{"line":524,"column":30},"end":{"line":526,"column":21}},"line":524},"12":{"name":"updateHierarchyVisibility","decl":{"start":{"line":547,"column":42},"end":{"line":551,"column":9}},"loc":{"start":{"line":547,"column":42},"end":{"line":551,"column":9}},"line":547},"13":{"name":"updatePreviewButton","decl":{"start":{"line":688,"column":8},"end":{"line":694,"column":9}},"loc":{"start":{"line":688,"column":8},"end":{"line":694,"column":9}},"line":688},"14":{"name":"closeHistoryModal","decl":{"start":{"line":696,"column":8},"end":{"line":700,"column":9}},"loc":{"start":{"line":696,"column":8},"end":{"line":700,"column":9}},"line":696},"15":{"name":"openHistoryModal","decl":{"start":{"line":702,"column":8},"end":{"line":847,"column":9}},"loc":{"start":{"line":702,"column":8},"end":{"line":847,"column":9}},"line":702},"16":{"name":"saveEntry","decl":{"start":{"line":865,"column":8},"end":{"line":988,"column":9}},"loc":{"start":{"line":865,"column":8},"end":{"line":988,"column":9}},"line":865},"17":{"name":"validateSchema","decl":{"start":{"line":1011,"column":31},"end":{"line":1032,"column":9}},"loc":{"start":{"line":1011,"column":31},"end":{"line":1032,"column":9}},"line":1011}},"f":{"0":16,"1":16,"2":6,"3":0,"4":0,"5":0,"6":1,"7":0,"8":2,"9":1,"10":1,"11":0,"12":21,"13":2,"14":2,"15":2,"16":2,"17":23}}
}
